{"C:\\Users\\diana\\Projects\\que-leo\\src\\application\\ArticleService.ts": {"path":"C:\\Users\\diana\\Projects\\que-leo\\src\\application\\ArticleService.ts","statementMap":{"0":{"start":{"line":5,"column":14},"end":{"line":5,"column":63}},"1":{"start":{"line":8,"column":4},"end":{"line":10,"column":5}},"2":{"start":{"line":9,"column":6},"end":{"line":9,"column":71}},"3":{"start":{"line":11,"column":4},"end":{"line":11,"column":53}},"4":{"start":{"line":19,"column":4},"end":{"line":28,"column":5}},"5":{"start":{"line":23,"column":6},"end":{"line":27,"column":8}},"6":{"start":{"line":29,"column":4},"end":{"line":29,"column":77}},"7":{"start":{"line":44,"column":86},"end":{"line":44,"column":92}},"8":{"start":{"line":45,"column":4},"end":{"line":56,"column":5}},"9":{"start":{"line":46,"column":6},"end":{"line":55,"column":8}},"10":{"start":{"line":57,"column":4},"end":{"line":66,"column":6}},"11":{"start":{"line":70,"column":4},"end":{"line":70,"column":57}},"12":{"start":{"line":74,"column":4},"end":{"line":74,"column":65}},"13":{"start":{"line":78,"column":4},"end":{"line":78,"column":60}},"14":{"start":{"line":4,"column":0},"end":{"line":4,"column":13}}},"fnMap":{"0":{"name":"(anonymous_0)","decl":{"start":{"line":5,"column":2},"end":{"line":5,"column":14}},"loc":{"start":{"line":5,"column":60},"end":{"line":5,"column":64}}},"1":{"name":"(anonymous_1)","decl":{"start":{"line":7,"column":2},"end":{"line":7,"column":7}},"loc":{"start":{"line":7,"column":32},"end":{"line":12,"column":3}}},"2":{"name":"(anonymous_2)","decl":{"start":{"line":14,"column":2},"end":{"line":14,"column":7}},"loc":{"start":{"line":17,"column":18},"end":{"line":30,"column":3}}},"3":{"name":"(anonymous_3)","decl":{"start":{"line":32,"column":2},"end":{"line":32,"column":7}},"loc":{"start":{"line":42,"column":5},"end":{"line":67,"column":3}}},"4":{"name":"(anonymous_4)","decl":{"start":{"line":69,"column":2},"end":{"line":69,"column":7}},"loc":{"start":{"line":69,"column":51},"end":{"line":71,"column":3}}},"5":{"name":"(anonymous_5)","decl":{"start":{"line":73,"column":2},"end":{"line":73,"column":7}},"loc":{"start":{"line":73,"column":59},"end":{"line":75,"column":3}}},"6":{"name":"(anonymous_6)","decl":{"start":{"line":77,"column":2},"end":{"line":77,"column":7}},"loc":{"start":{"line":77,"column":48},"end":{"line":79,"column":3}}}},"branchMap":{"0":{"loc":{"start":{"line":8,"column":4},"end":{"line":10,"column":5}},"type":"if","locations":[{"start":{"line":8,"column":4},"end":{"line":10,"column":5}},{"start":{},"end":{}}]},"1":{"loc":{"start":{"line":19,"column":4},"end":{"line":28,"column":5}},"type":"if","locations":[{"start":{"line":19,"column":4},"end":{"line":28,"column":5}},{"start":{},"end":{}}]},"2":{"loc":{"start":{"line":45,"column":4},"end":{"line":56,"column":5}},"type":"if","locations":[{"start":{"line":45,"column":4},"end":{"line":56,"column":5}},{"start":{},"end":{}}]}},"s":{"0":96,"1":11,"2":0,"3":11,"4":67,"5":0,"6":67,"7":1,"8":1,"9":1,"10":0,"11":6,"12":11,"13":2,"14":7},"f":{"0":96,"1":11,"2":67,"3":1,"4":6,"5":11,"6":2},"b":{"0":[0,11],"1":[0,67],"2":[1,0]}}
,"C:\\Users\\diana\\Projects\\que-leo\\src\\application\\SignInWithGitHub.ts": {"path":"C:\\Users\\diana\\Projects\\que-leo\\src\\application\\SignInWithGitHub.ts","statementMap":{"0":{"start":{"line":4,"column":19},"end":{"line":4,"column":null}},"1":{"start":{"line":7,"column":4},"end":{"line":7,"column":33}},"2":{"start":{"line":11,"column":4},"end":{"line":11,"column":56}},"3":{"start":{"line":3,"column":0},"end":{"line":3,"column":13}}},"fnMap":{"0":{"name":"(anonymous_0)","decl":{"start":{"line":6,"column":2},"end":{"line":6,"column":14}},"loc":{"start":{"line":6,"column":40},"end":{"line":8,"column":3}}},"1":{"name":"(anonymous_1)","decl":{"start":{"line":10,"column":2},"end":{"line":10,"column":7}},"loc":{"start":{"line":10,"column":35},"end":{"line":12,"column":3}}}},"branchMap":{},"s":{"0":1,"1":1,"2":1,"3":1},"f":{"0":1,"1":1},"b":{}}
,"C:\\Users\\diana\\Projects\\que-leo\\src\\application\\SignInWithGoogle.ts": {"path":"C:\\Users\\diana\\Projects\\que-leo\\src\\application\\SignInWithGoogle.ts","statementMap":{"0":{"start":{"line":4,"column":14},"end":{"line":4,"column":64}},"1":{"start":{"line":7,"column":4},"end":{"line":7,"column":59}},"2":{"start":{"line":3,"column":0},"end":{"line":3,"column":13}}},"fnMap":{"0":{"name":"(anonymous_0)","decl":{"start":{"line":4,"column":2},"end":{"line":4,"column":14}},"loc":{"start":{"line":4,"column":61},"end":{"line":4,"column":65}}},"1":{"name":"(anonymous_1)","decl":{"start":{"line":6,"column":2},"end":{"line":6,"column":7}},"loc":{"start":{"line":6,"column":35},"end":{"line":8,"column":3}}}},"branchMap":{},"s":{"0":1,"1":1,"2":1},"f":{"0":1,"1":1},"b":{}}
,"C:\\Users\\diana\\Projects\\que-leo\\src\\application\\SignOut.ts": {"path":"C:\\Users\\diana\\Projects\\que-leo\\src\\application\\SignOut.ts","statementMap":{"0":{"start":{"line":4,"column":19},"end":{"line":4,"column":null}},"1":{"start":{"line":7,"column":4},"end":{"line":7,"column":33}},"2":{"start":{"line":11,"column":4},"end":{"line":11,"column":37}},"3":{"start":{"line":3,"column":0},"end":{"line":3,"column":13}}},"fnMap":{"0":{"name":"(anonymous_0)","decl":{"start":{"line":6,"column":2},"end":{"line":6,"column":14}},"loc":{"start":{"line":6,"column":40},"end":{"line":8,"column":3}}},"1":{"name":"(anonymous_1)","decl":{"start":{"line":10,"column":2},"end":{"line":10,"column":7}},"loc":{"start":{"line":10,"column":15},"end":{"line":12,"column":3}}}},"branchMap":{},"s":{"0":1,"1":1,"2":1,"3":1},"f":{"0":1,"1":1},"b":{}}
,"C:\\Users\\diana\\Projects\\que-leo\\src\\domain\\Article.ts": {"path":"C:\\Users\\diana\\Projects\\que-leo\\src\\domain\\Article.ts","statementMap":{"0":{"start":{"line":16,"column":33},"end":{"line":22,"column":1}},"1":{"start":{"line":17,"column":2},"end":{"line":21,"column":4}},"2":{"start":{"line":16,"column":13},"end":{"line":16,"column":33}},"3":{"start":{"line":24,"column":35},"end":{"line":30,"column":1}},"4":{"start":{"line":25,"column":2},"end":{"line":29,"column":4}},"5":{"start":{"line":24,"column":13},"end":{"line":24,"column":35}},"6":{"start":{"line":32,"column":37},"end":{"line":37,"column":1}},"7":{"start":{"line":33,"column":2},"end":{"line":36,"column":4}},"8":{"start":{"line":32,"column":13},"end":{"line":32,"column":37}},"9":{"start":{"line":39,"column":39},"end":{"line":44,"column":1}},"10":{"start":{"line":40,"column":2},"end":{"line":43,"column":4}},"11":{"start":{"line":39,"column":13},"end":{"line":39,"column":39}}},"fnMap":{"0":{"name":"(anonymous_0)","decl":{"start":{"line":16,"column":33},"end":{"line":16,"column":34}},"loc":{"start":{"line":16,"column":63},"end":{"line":22,"column":1}}},"1":{"name":"(anonymous_1)","decl":{"start":{"line":24,"column":35},"end":{"line":24,"column":36}},"loc":{"start":{"line":24,"column":65},"end":{"line":30,"column":1}}},"2":{"name":"(anonymous_2)","decl":{"start":{"line":32,"column":37},"end":{"line":32,"column":38}},"loc":{"start":{"line":32,"column":67},"end":{"line":37,"column":1}}},"3":{"name":"(anonymous_3)","decl":{"start":{"line":39,"column":39},"end":{"line":39,"column":40}},"loc":{"start":{"line":39,"column":69},"end":{"line":44,"column":1}}}},"branchMap":{},"s":{"0":7,"1":3,"2":7,"3":7,"4":0,"5":7,"6":7,"7":7,"8":7,"9":7,"10":2,"11":7},"f":{"0":3,"1":0,"2":7,"3":2},"b":{}}
,"C:\\Users\\diana\\Projects\\que-leo\\src\\domain\\ArticleRepositoryContext.ts": {"path":"C:\\Users\\diana\\Projects\\que-leo\\src\\domain\\ArticleRepositoryContext.ts","statementMap":{"0":{"start":{"line":1,"column":0},"end":{"line":1,"column":50}},"1":{"start":{"line":5,"column":13},"end":{"line":7,"column":2}},"2":{"start":{"line":11,"column":36},"end":{"line":19,"column":1}},"3":{"start":{"line":12,"column":18},"end":{"line":12,"column":54}},"4":{"start":{"line":13,"column":2},"end":{"line":17,"column":3}},"5":{"start":{"line":14,"column":4},"end":{"line":16,"column":6}},"6":{"start":{"line":18,"column":2},"end":{"line":18,"column":17}},"7":{"start":{"line":11,"column":13},"end":{"line":11,"column":36}}},"fnMap":{"0":{"name":"(anonymous_0)","decl":{"start":{"line":11,"column":36},"end":{"line":11,"column":58}},"loc":{"start":{"line":11,"column":60},"end":{"line":19,"column":1}}}},"branchMap":{"0":{"loc":{"start":{"line":13,"column":2},"end":{"line":17,"column":3}},"type":"if","locations":[{"start":{"line":13,"column":2},"end":{"line":17,"column":3}},{"start":{},"end":{}}]}},"s":{"0":6,"1":6,"2":6,"3":0,"4":0,"5":0,"6":0,"7":6},"f":{"0":0},"b":{"0":[0,0]}}
,"C:\\Users\\diana\\Projects\\que-leo\\src\\domain\\AuthContext.tsx": {"path":"C:\\Users\\diana\\Projects\\que-leo\\src\\domain\\AuthContext.tsx","statementMap":{"0":{"start":{"line":1,"column":0},"end":{"line":1,"column":50}},"1":{"start":{"line":13,"column":13},"end":{"line":15,"column":2}},"2":{"start":{"line":17,"column":23},"end":{"line":23,"column":1}},"3":{"start":{"line":18,"column":18},"end":{"line":18,"column":41}},"4":{"start":{"line":19,"column":2},"end":{"line":21,"column":3}},"5":{"start":{"line":20,"column":4},"end":{"line":20,"column":72}},"6":{"start":{"line":22,"column":2},"end":{"line":22,"column":17}},"7":{"start":{"line":17,"column":13},"end":{"line":17,"column":23}}},"fnMap":{"0":{"name":"(anonymous_0)","decl":{"start":{"line":17,"column":23},"end":{"line":17,"column":26}},"loc":{"start":{"line":17,"column":28},"end":{"line":23,"column":1}}}},"branchMap":{"0":{"loc":{"start":{"line":19,"column":2},"end":{"line":21,"column":3}},"type":"if","locations":[{"start":{"line":19,"column":2},"end":{"line":21,"column":3}},{"start":{},"end":{}}]}},"s":{"0":6,"1":6,"2":6,"3":450,"4":450,"5":0,"6":450,"7":6},"f":{"0":450},"b":{"0":[0,450]}}
,"C:\\Users\\diana\\Projects\\que-leo\\src\\infrastructure\\services\\MetadataService.ts": {"path":"C:\\Users\\diana\\Projects\\que-leo\\src\\infrastructure\\services\\MetadataService.ts","statementMap":{"0":{"start":{"line":21,"column":4},"end":{"line":46,"column":5}},"1":{"start":{"line":22,"column":23},"end":{"line":23,"column":null}},"2":{"start":{"line":26,"column":6},"end":{"line":30,"column":7}},"3":{"start":{"line":27,"column":8},"end":{"line":29,"column":10}},"4":{"start":{"line":32,"column":37},"end":{"line":32,"column":58}},"5":{"start":{"line":34,"column":6},"end":{"line":36,"column":7}},"6":{"start":{"line":35,"column":8},"end":{"line":35,"column":75}},"7":{"start":{"line":38,"column":6},"end":{"line":38,"column":23}},"8":{"start":{"line":40,"column":6},"end":{"line":40,"column":58}},"9":{"start":{"line":41,"column":6},"end":{"line":45,"column":8}},"10":{"start":{"line":16,"column":0},"end":{"line":16,"column":13}},"11":{"start":{"line":17,"column":26},"end":{"line":18,"column":null}}},"fnMap":{"0":{"name":"(anonymous_0)","decl":{"start":{"line":20,"column":2},"end":{"line":20,"column":8}},"loc":{"start":{"line":20,"column":42},"end":{"line":47,"column":3}}}},"branchMap":{"0":{"loc":{"start":{"line":26,"column":6},"end":{"line":30,"column":7}},"type":"if","locations":[{"start":{"line":26,"column":6},"end":{"line":30,"column":7}},{"start":{},"end":{}}]},"1":{"loc":{"start":{"line":34,"column":6},"end":{"line":36,"column":7}},"type":"if","locations":[{"start":{"line":34,"column":6},"end":{"line":36,"column":7}},{"start":{},"end":{}}]},"2":{"loc":{"start":{"line":43,"column":10},"end":{"line":43,"column":null}},"type":"cond-expr","locations":[{"start":{"line":43,"column":35},"end":{"line":43,"column":48}},{"start":{"line":43,"column":51},"end":{"line":43,"column":null}}]}},"s":{"0":6,"1":6,"2":5,"3":1,"4":4,"5":3,"6":1,"7":2,"8":4,"9":4,"10":5,"11":5},"f":{"0":6},"b":{"0":[1,4],"1":[1,2],"2":[4,0]}}
,"C:\\Users\\diana\\Projects\\que-leo\\src\\ui\\AddArticle\\AddArticleModal.tsx": {"path":"C:\\Users\\diana\\Projects\\que-leo\\src\\ui\\AddArticle\\AddArticleModal.tsx","statementMap":{"0":{"start":{"line":1,"column":0},"end":{"line":1,"column":null}},"1":{"start":{"line":8,"column":0},"end":{"line":8,"column":81}},"2":{"start":{"line":9,"column":0},"end":{"line":9,"column":51}},"3":{"start":{"line":10,"column":0},"end":{"line":10,"column":66}},"4":{"start":{"line":11,"column":0},"end":{"line":11,"column":null}},"5":{"start":{"line":15,"column":0},"end":{"line":15,"column":26}},"6":{"start":{"line":18,"column":14},"end":{"line":37,"column":2}},"7":{"start":{"line":26,"column":2},"end":{"line":26,"column":25}},"8":{"start":{"line":26,"column":13},"end":{"line":26,"column":25}},"9":{"start":{"line":27,"column":2},"end":{"line":36,"column":4}},"10":{"start":{"line":39,"column":0},"end":{"line":39,"column":28}},"11":{"start":{"line":43,"column":5},"end":{"line":197,"column":1}},"12":{"start":{"line":44,"column":28},"end":{"line":44,"column":40}},"13":{"start":{"line":45,"column":24},"end":{"line":45,"column":36}},"14":{"start":{"line":46,"column":40},"end":{"line":46,"column":55}},"15":{"start":{"line":47,"column":32},"end":{"line":47,"column":47}},"16":{"start":{"line":48,"column":28},"end":{"line":48,"column":40}},"17":{"start":{"line":49,"column":32},"end":{"line":49,"column":44}},"18":{"start":{"line":50,"column":19},"end":{"line":50,"column":47}},"19":{"start":{"line":52,"column":21},"end":{"line":52,"column":57}},"20":{"start":{"line":53,"column":19},"end":{"line":53,"column":28}},"21":{"start":{"line":55,"column":2},"end":{"line":72,"column":20}},"22":{"start":{"line":57,"column":6},"end":{"line":62,"column":7}},"23":{"start":{"line":61,"column":8},"end":{"line":61,"column":21}},"24":{"start":{"line":65,"column":4},"end":{"line":67,"column":5}},"25":{"start":{"line":66,"column":6},"end":{"line":66,"column":65}},"26":{"start":{"line":69,"column":4},"end":{"line":71,"column":6}},"27":{"start":{"line":70,"column":6},"end":{"line":70,"column":68}},"28":{"start":{"line":74,"column":23},"end":{"line":132,"column":3}},"29":{"start":{"line":75,"column":4},"end":{"line":75,"column":23}},"30":{"start":{"line":76,"column":4},"end":{"line":76,"column":37}},"31":{"start":{"line":76,"column":30},"end":{"line":76,"column":37}},"32":{"start":{"line":78,"column":4},"end":{"line":78,"column":21}},"33":{"start":{"line":79,"column":4},"end":{"line":79,"column":17}},"34":{"start":{"line":80,"column":4},"end":{"line":80,"column":19}},"35":{"start":{"line":82,"column":19},"end":{"line":82,"column":22}},"36":{"start":{"line":83,"column":4},"end":{"line":85,"column":5}},"37":{"start":{"line":84,"column":6},"end":{"line":84,"column":39}},"38":{"start":{"line":87,"column":4},"end":{"line":131,"column":5}},"39":{"start":{"line":89,"column":45},"end":{"line":89,"column":49}},"40":{"start":{"line":90,"column":6},"end":{"line":99,"column":7}},"41":{"start":{"line":91,"column":8},"end":{"line":91,"column":67}},"42":{"start":{"line":93,"column":8},"end":{"line":95,"column":9}},"43":{"start":{"line":94,"column":10},"end":{"line":94,"column":35}},"44":{"start":{"line":98,"column":8},"end":{"line":98,"column":73}},"45":{"start":{"line":101,"column":18},"end":{"line":101,"column":48}},"46":{"start":{"line":102,"column":6},"end":{"line":111,"column":9}},"47":{"start":{"line":112,"column":6},"end":{"line":112,"column":49}},"48":{"start":{"line":113,"column":6},"end":{"line":113,"column":19}},"49":{"start":{"line":114,"column":6},"end":{"line":114,"column":17}},"50":{"start":{"line":116,"column":6},"end":{"line":118,"column":7}},"51":{"start":{"line":117,"column":8},"end":{"line":117,"column":41}},"52":{"start":{"line":117,"column":34},"end":{"line":117,"column":39}},"53":{"start":{"line":119,"column":6},"end":{"line":122,"column":15}},"54":{"start":{"line":120,"column":8},"end":{"line":120,"column":30}},"55":{"start":{"line":121,"column":8},"end":{"line":121,"column":23}},"56":{"start":{"line":124,"column":6},"end":{"line":128,"column":7}},"57":{"start":{"line":125,"column":8},"end":{"line":125,"column":32}},"58":{"start":{"line":127,"column":8},"end":{"line":127,"column":57}},"59":{"start":{"line":130,"column":6},"end":{"line":130,"column":24}},"60":{"start":{"line":134,"column":20},"end":{"line":138,"column":3}},"61":{"start":{"line":135,"column":4},"end":{"line":135,"column":25}},"62":{"start":{"line":136,"column":4},"end":{"line":136,"column":17}},"63":{"start":{"line":137,"column":4},"end":{"line":137,"column":19}},"64":{"start":{"line":140,"column":21},"end":{"line":144,"column":3}},"65":{"start":{"line":141,"column":4},"end":{"line":141,"column":26}},"66":{"start":{"line":142,"column":4},"end":{"line":142,"column":17}},"67":{"start":{"line":143,"column":4},"end":{"line":143,"column":19}},"68":{"start":{"line":146,"column":2},"end":{"line":196,"column":4}},"69":{"start":{"line":167,"column":31},"end":{"line":167,"column":53}},"70":{"start":{"line":180,"column":31},"end":{"line":180,"column":55}},"71":{"start":{"line":41,"column":13},"end":{"line":41,"column":null}}},"fnMap":{"0":{"name":"(anonymous_0)","decl":{"start":{"line":25,"column":2},"end":{"line":25,"column":3}},"loc":{"start":{"line":25,"column":39},"end":{"line":37,"column":1}}},"1":{"name":"(anonymous_1)","decl":{"start":{"line":43,"column":5},"end":{"line":43,"column":6}},"loc":{"start":{"line":43,"column":32},"end":{"line":197,"column":1}}},"2":{"name":"(anonymous_2)","decl":{"start":{"line":55,"column":12},"end":{"line":55,"column":15}},"loc":{"start":{"line":55,"column":17},"end":{"line":72,"column":3}}},"3":{"name":"handleClickOutside","decl":{"start":{"line":56,"column":13},"end":{"line":56,"column":31}},"loc":{"start":{"line":56,"column":49},"end":{"line":63,"column":5}}},"4":{"name":"(anonymous_4)","decl":{"start":{"line":69,"column":11},"end":{"line":69,"column":14}},"loc":{"start":{"line":69,"column":16},"end":{"line":71,"column":5}}},"5":{"name":"(anonymous_5)","decl":{"start":{"line":74,"column":23},"end":{"line":74,"column":28}},"loc":{"start":{"line":74,"column":52},"end":{"line":132,"column":3}}},"6":{"name":"(anonymous_6)","decl":{"start":{"line":117,"column":27},"end":{"line":117,"column":28}},"loc":{"start":{"line":117,"column":34},"end":{"line":117,"column":39}}},"7":{"name":"(anonymous_7)","decl":{"start":{"line":119,"column":17},"end":{"line":119,"column":20}},"loc":{"start":{"line":119,"column":22},"end":{"line":122,"column":7}}},"8":{"name":"(anonymous_8)","decl":{"start":{"line":134,"column":20},"end":{"line":134,"column":23}},"loc":{"start":{"line":134,"column":25},"end":{"line":138,"column":3}}},"9":{"name":"(anonymous_9)","decl":{"start":{"line":140,"column":21},"end":{"line":140,"column":24}},"loc":{"start":{"line":140,"column":26},"end":{"line":144,"column":3}}},"10":{"name":"(anonymous_10)","decl":{"start":{"line":167,"column":24},"end":{"line":167,"column":25}},"loc":{"start":{"line":167,"column":31},"end":{"line":167,"column":53}}},"11":{"name":"(anonymous_11)","decl":{"start":{"line":180,"column":24},"end":{"line":180,"column":25}},"loc":{"start":{"line":180,"column":31},"end":{"line":180,"column":55}}}},"branchMap":{"0":{"loc":{"start":{"line":26,"column":2},"end":{"line":26,"column":25}},"type":"if","locations":[{"start":{"line":26,"column":2},"end":{"line":26,"column":25}},{"start":{},"end":{}}]},"1":{"loc":{"start":{"line":57,"column":6},"end":{"line":62,"column":7}},"type":"if","locations":[{"start":{"line":57,"column":6},"end":{"line":62,"column":7}},{"start":{},"end":{}}]},"2":{"loc":{"start":{"line":58,"column":8},"end":{"line":59,"column":56}},"type":"binary-expr","locations":[{"start":{"line":58,"column":8},"end":{"line":58,"column":24}},{"start":{"line":59,"column":8},"end":{"line":59,"column":56}}]},"3":{"loc":{"start":{"line":65,"column":4},"end":{"line":67,"column":5}},"type":"if","locations":[{"start":{"line":65,"column":4},"end":{"line":67,"column":5}},{"start":{},"end":{}}]},"4":{"loc":{"start":{"line":76,"column":4},"end":{"line":76,"column":37}},"type":"if","locations":[{"start":{"line":76,"column":4},"end":{"line":76,"column":37}},{"start":{},"end":{}}]},"5":{"loc":{"start":{"line":76,"column":8},"end":{"line":76,"column":28}},"type":"binary-expr","locations":[{"start":{"line":76,"column":8},"end":{"line":76,"column":13}},{"start":{"line":76,"column":17},"end":{"line":76,"column":28}}]},"6":{"loc":{"start":{"line":83,"column":4},"end":{"line":85,"column":5}},"type":"if","locations":[{"start":{"line":83,"column":4},"end":{"line":85,"column":5}},{"start":{},"end":{}}]},"7":{"loc":{"start":{"line":93,"column":8},"end":{"line":95,"column":9}},"type":"if","locations":[{"start":{"line":93,"column":8},"end":{"line":95,"column":9}},{"start":{},"end":{}}]},"8":{"loc":{"start":{"line":93,"column":12},"end":{"line":93,"column":43}},"type":"binary-expr","locations":[{"start":{"line":93,"column":12},"end":{"line":93,"column":25}},{"start":{"line":93,"column":29},"end":{"line":93,"column":43}}]},"9":{"loc":{"start":{"line":103,"column":15},"end":{"line":103,"column":55}},"type":"binary-expr","locations":[{"start":{"line":103,"column":15},"end":{"line":103,"column":20}},{"start":{"line":103,"column":24},"end":{"line":103,"column":39}},{"start":{"line":103,"column":43},"end":{"line":103,"column":55}}]},"10":{"loc":{"start":{"line":106,"column":18},"end":{"line":106,"column":44}},"type":"binary-expr","locations":[{"start":{"line":106,"column":18},"end":{"line":106,"column":36}},{"start":{"line":106,"column":40},"end":{"line":106,"column":44}}]},"11":{"loc":{"start":{"line":107,"column":17},"end":{"line":107,"column":42}},"type":"binary-expr","locations":[{"start":{"line":107,"column":17},"end":{"line":107,"column":34}},{"start":{"line":107,"column":38},"end":{"line":107,"column":42}}]},"12":{"loc":{"start":{"line":108,"column":16},"end":{"line":108,"column":40}},"type":"binary-expr","locations":[{"start":{"line":108,"column":16},"end":{"line":108,"column":32}},{"start":{"line":108,"column":36},"end":{"line":108,"column":40}}]},"13":{"loc":{"start":{"line":110,"column":23},"end":{"line":110,"column":54}},"type":"binary-expr","locations":[{"start":{"line":110,"column":23},"end":{"line":110,"column":46}},{"start":{"line":110,"column":50},"end":{"line":110,"column":54}}]},"14":{"loc":{"start":{"line":116,"column":6},"end":{"line":118,"column":7}},"type":"if","locations":[{"start":{"line":116,"column":6},"end":{"line":118,"column":7}},{"start":{},"end":{}}]},"15":{"loc":{"start":{"line":124,"column":6},"end":{"line":128,"column":7}},"type":"if","locations":[{"start":{"line":124,"column":6},"end":{"line":128,"column":7}},{"start":{"line":126,"column":13},"end":{"line":128,"column":7}}]},"16":{"loc":{"start":{"line":158,"column":11},"end":{"line":158,"column":64}},"type":"binary-expr","locations":[{"start":{"line":158,"column":11},"end":{"line":158,"column":16}},{"start":{"line":158,"column":20},"end":{"line":158,"column":64}}]},"17":{"loc":{"start":{"line":159,"column":11},"end":{"line":159,"column":70}},"type":"binary-expr","locations":[{"start":{"line":159,"column":11},"end":{"line":159,"column":18}},{"start":{"line":159,"column":22},"end":{"line":159,"column":70}}]},"18":{"loc":{"start":{"line":191,"column":13},"end":{"line":191,"column":60}},"type":"cond-expr","locations":[{"start":{"line":191,"column":23},"end":{"line":191,"column":37}},{"start":{"line":191,"column":40},"end":{"line":191,"column":60}}]}},"s":{"0":4,"1":4,"2":4,"3":4,"4":4,"5":4,"6":4,"7":200,"8":200,"9":0,"10":4,"11":4,"12":200,"13":200,"14":200,"15":200,"16":200,"17":200,"18":200,"19":200,"20":200,"21":200,"22":0,"23":0,"24":37,"25":0,"26":37,"27":37,"28":200,"29":0,"30":0,"31":0,"32":0,"33":0,"34":0,"35":0,"36":0,"37":0,"38":0,"39":0,"40":0,"41":0,"42":0,"43":0,"44":0,"45":0,"46":0,"47":0,"48":0,"49":0,"50":0,"51":0,"52":0,"53":0,"54":0,"55":0,"56":0,"57":0,"58":0,"59":0,"60":200,"61":0,"62":0,"63":0,"64":200,"65":0,"66":0,"67":0,"68":200,"69":0,"70":0,"71":4},"f":{"0":200,"1":200,"2":37,"3":0,"4":37,"5":0,"6":0,"7":0,"8":0,"9":0,"10":0,"11":0},"b":{"0":[200,0],"1":[0,0],"2":[0,0],"3":[0,37],"4":[0,0],"5":[0,0],"6":[0,0],"7":[0,0],"8":[0,0],"9":[0,0,0],"10":[0,0],"11":[0,0],"12":[0,0],"13":[0,0],"14":[0,0],"15":[0,0],"16":[200,0],"17":[200,0],"18":[0,200]}}
,"C:\\Users\\diana\\Projects\\que-leo\\src\\ui\\AppSkeleton\\AppSkeleton.tsx": {"path":"C:\\Users\\diana\\Projects\\que-leo\\src\\ui\\AppSkeleton\\AppSkeleton.tsx","statementMap":{"0":{"start":{"line":2,"column":0},"end":{"line":2,"column":27}},"1":{"start":{"line":4,"column":37},"end":{"line":30,"column":1}},"2":{"start":{"line":5,"column":2},"end":{"line":29,"column":4}},"3":{"start":{"line":4,"column":13},"end":{"line":4,"column":37}},"4":{"start":{"line":32,"column":46},"end":{"line":105,"column":1}},"5":{"start":{"line":33,"column":2},"end":{"line":104,"column":4}},"6":{"start":{"line":67,"column":14},"end":{"line":67,"column":null}},"7":{"start":{"line":32,"column":13},"end":{"line":32,"column":46}},"8":{"start":{"line":107,"column":47},"end":{"line":115,"column":1}},"9":{"start":{"line":108,"column":2},"end":{"line":114,"column":4}},"10":{"start":{"line":107,"column":13},"end":{"line":107,"column":47}}},"fnMap":{"0":{"name":"(anonymous_0)","decl":{"start":{"line":4,"column":37},"end":{"line":4,"column":40}},"loc":{"start":{"line":4,"column":42},"end":{"line":30,"column":1}}},"1":{"name":"(anonymous_1)","decl":{"start":{"line":32,"column":46},"end":{"line":32,"column":49}},"loc":{"start":{"line":32,"column":51},"end":{"line":105,"column":1}}},"2":{"name":"(anonymous_2)","decl":{"start":{"line":66,"column":32},"end":{"line":66,"column":33}},"loc":{"start":{"line":67,"column":14},"end":{"line":67,"column":null}}},"3":{"name":"(anonymous_3)","decl":{"start":{"line":107,"column":47},"end":{"line":107,"column":50}},"loc":{"start":{"line":107,"column":52},"end":{"line":115,"column":1}}}},"branchMap":{},"s":{"0":6,"1":6,"2":0,"3":6,"4":6,"5":83,"6":1245,"7":6,"8":6,"9":11,"10":6},"f":{"0":0,"1":83,"2":1245,"3":11},"b":{}}
,"C:\\Users\\diana\\Projects\\que-leo\\src\\ui\\Header\\AvatarDropdown.tsx": {"path":"C:\\Users\\diana\\Projects\\que-leo\\src\\ui\\Header\\AvatarDropdown.tsx","statementMap":{"0":{"start":{"line":1,"column":0},"end":{"line":1,"column":42}},"1":{"start":{"line":2,"column":0},"end":{"line":2,"column":30}},"2":{"start":{"line":12,"column":30},"end":{"line":76,"column":1}},"3":{"start":{"line":19,"column":22},"end":{"line":19,"column":50}},"4":{"start":{"line":21,"column":2},"end":{"line":40,"column":36}},"5":{"start":{"line":22,"column":31},"end":{"line":31,"column":5}},"6":{"start":{"line":23,"column":6},"end":{"line":30,"column":7}},"7":{"start":{"line":29,"column":8},"end":{"line":29,"column":18}},"8":{"start":{"line":33,"column":4},"end":{"line":35,"column":5}},"9":{"start":{"line":34,"column":6},"end":{"line":34,"column":65}},"10":{"start":{"line":37,"column":4},"end":{"line":39,"column":6}},"11":{"start":{"line":38,"column":6},"end":{"line":38,"column":68}},"12":{"start":{"line":42,"column":2},"end":{"line":42,"column":27}},"13":{"start":{"line":42,"column":15},"end":{"line":42,"column":27}},"14":{"start":{"line":44,"column":2},"end":{"line":75,"column":4}},"15":{"start":{"line":12,"column":13},"end":{"line":12,"column":30}}},"fnMap":{"0":{"name":"(anonymous_0)","decl":{"start":{"line":12,"column":30},"end":{"line":12,"column":31}},"loc":{"start":{"line":18,"column":26},"end":{"line":76,"column":1}}},"1":{"name":"(anonymous_1)","decl":{"start":{"line":21,"column":12},"end":{"line":21,"column":15}},"loc":{"start":{"line":21,"column":17},"end":{"line":40,"column":3}}},"2":{"name":"(anonymous_2)","decl":{"start":{"line":22,"column":31},"end":{"line":22,"column":32}},"loc":{"start":{"line":22,"column":53},"end":{"line":31,"column":5}}},"3":{"name":"(anonymous_3)","decl":{"start":{"line":37,"column":11},"end":{"line":37,"column":14}},"loc":{"start":{"line":37,"column":16},"end":{"line":39,"column":5}}}},"branchMap":{"0":{"loc":{"start":{"line":23,"column":6},"end":{"line":30,"column":7}},"type":"if","locations":[{"start":{"line":23,"column":6},"end":{"line":30,"column":7}},{"start":{},"end":{}}]},"1":{"loc":{"start":{"line":24,"column":8},"end":{"line":27,"column":58}},"type":"binary-expr","locations":[{"start":{"line":24,"column":8},"end":{"line":24,"column":27}},{"start":{"line":25,"column":8},"end":{"line":25,"column":59}},{"start":{"line":26,"column":8},"end":{"line":26,"column":26}},{"start":{"line":27,"column":8},"end":{"line":27,"column":58}}]},"2":{"loc":{"start":{"line":33,"column":4},"end":{"line":35,"column":5}},"type":"if","locations":[{"start":{"line":33,"column":4},"end":{"line":35,"column":5}},{"start":{},"end":{}}]},"3":{"loc":{"start":{"line":42,"column":2},"end":{"line":42,"column":27}},"type":"if","locations":[{"start":{"line":42,"column":2},"end":{"line":42,"column":27}},{"start":{},"end":{}}]}},"s":{"0":1,"1":1,"2":1,"3":7,"4":7,"5":7,"6":0,"7":0,"8":7,"9":6,"10":7,"11":7,"12":7,"13":1,"14":6,"15":1},"f":{"0":7,"1":7,"2":0,"3":7},"b":{"0":[0,0],"1":[0,0,0,0],"2":[6,1],"3":[1,6]}}
,"C:\\Users\\diana\\Projects\\que-leo\\src\\ui\\Header\\AvatarModal.tsx": {"path":"C:\\Users\\diana\\Projects\\que-leo\\src\\ui\\Header\\AvatarModal.tsx","statementMap":{"0":{"start":{"line":2,"column":0},"end":{"line":2,"column":74}},"1":{"start":{"line":3,"column":0},"end":{"line":3,"column":27}},"2":{"start":{"line":12,"column":55},"end":{"line":56,"column":1}},"3":{"start":{"line":18,"column":2},"end":{"line":18,"column":27}},"4":{"start":{"line":18,"column":15},"end":{"line":18,"column":27}},"5":{"start":{"line":20,"column":2},"end":{"line":55,"column":4}},"6":{"start":{"line":22,"column":52},"end":{"line":22,"column":71}},"7":{"start":{"line":12,"column":13},"end":{"line":12,"column":55}}},"fnMap":{"0":{"name":"(anonymous_0)","decl":{"start":{"line":12,"column":55},"end":{"line":12,"column":56}},"loc":{"start":{"line":17,"column":5},"end":{"line":56,"column":1}}},"1":{"name":"(anonymous_1)","decl":{"start":{"line":22,"column":45},"end":{"line":22,"column":46}},"loc":{"start":{"line":22,"column":52},"end":{"line":22,"column":71}}}},"branchMap":{"0":{"loc":{"start":{"line":18,"column":2},"end":{"line":18,"column":27}},"type":"if","locations":[{"start":{"line":18,"column":2},"end":{"line":18,"column":27}},{"start":{},"end":{}}]}},"s":{"0":1,"1":1,"2":1,"3":8,"4":1,"5":7,"6":3,"7":1},"f":{"0":8,"1":3},"b":{"0":[1,7]}}
,"C:\\Users\\diana\\Projects\\que-leo\\src\\ui\\ListOfArticles\\ArticleTable.tsx": {"path":"C:\\Users\\diana\\Projects\\que-leo\\src\\ui\\ListOfArticles\\ArticleTable.tsx","statementMap":{"0":{"start":{"line":272,"column":0},"end":{"line":272,"column":16}},"1":{"start":{"line":1,"column":0},"end":{"line":1,"column":30}},"2":{"start":{"line":2,"column":0},"end":{"line":2,"column":58}},"3":{"start":{"line":4,"column":0},"end":{"line":4,"column":null}},"4":{"start":{"line":10,"column":0},"end":{"line":10,"column":81}},"5":{"start":{"line":11,"column":0},"end":{"line":11,"column":51}},"6":{"start":{"line":12,"column":0},"end":{"line":12,"column":66}},"7":{"start":{"line":13,"column":0},"end":{"line":13,"column":66}},"8":{"start":{"line":14,"column":0},"end":{"line":14,"column":59}},"9":{"start":{"line":17,"column":2},"end":{"line":17,"column":27}},"10":{"start":{"line":17,"column":17},"end":{"line":17,"column":27}},"11":{"start":{"line":18,"column":38},"end":{"line":21,"column":4}},"12":{"start":{"line":22,"column":2},"end":{"line":22,"column":31}},"13":{"start":{"line":34,"column":2},"end":{"line":34,"column":25}},"14":{"start":{"line":34,"column":13},"end":{"line":34,"column":25}},"15":{"start":{"line":35,"column":2},"end":{"line":53,"column":4}},"16":{"start":{"line":57,"column":2},"end":{"line":57,"column":25}},"17":{"start":{"line":57,"column":13},"end":{"line":57,"column":25}},"18":{"start":{"line":58,"column":2},"end":{"line":58,"column":61}},"19":{"start":{"line":70,"column":2},"end":{"line":70,"column":37}},"20":{"start":{"line":70,"column":25},"end":{"line":70,"column":37}},"21":{"start":{"line":71,"column":20},"end":{"line":71,"column":70}},"22":{"start":{"line":72,"column":14},"end":{"line":72,"column":45}},"23":{"start":{"line":73,"column":21},"end":{"line":73,"column":81}},"24":{"start":{"line":74,"column":22},"end":{"line":74,"column":82}},"25":{"start":{"line":75,"column":2},"end":{"line":111,"column":4}},"26":{"start":{"line":135,"column":2},"end":{"line":177,"column":3}},"27":{"start":{"line":137,"column":6},"end":{"line":142,"column":8}},"28":{"start":{"line":144,"column":6},"end":{"line":144,"column":48}},"29":{"start":{"line":146,"column":6},"end":{"line":146,"column":55}},"30":{"start":{"line":148,"column":6},"end":{"line":148,"column":51}},"31":{"start":{"line":150,"column":28},"end":{"line":154,"column":null}},"32":{"start":{"line":151,"column":8},"end":{"line":154,"column":null}},"33":{"start":{"line":152,"column":10},"end":{"line":154,"column":15}},"34":{"start":{"line":156,"column":6},"end":{"line":163,"column":8}},"35":{"start":{"line":166,"column":6},"end":{"line":174,"column":8}},"36":{"start":{"line":169,"column":17},"end":{"line":169,"column":48}},"37":{"start":{"line":172,"column":17},"end":{"line":172,"column":48}},"38":{"start":{"line":176,"column":6},"end":{"line":176,"column":19}},"39":{"start":{"line":199,"column":2},"end":{"line":217,"column":3}},"40":{"start":{"line":201,"column":6},"end":{"line":201,"column":54}},"41":{"start":{"line":203,"column":6},"end":{"line":203,"column":58}},"42":{"start":{"line":205,"column":6},"end":{"line":205,"column":54}},"43":{"start":{"line":207,"column":6},"end":{"line":207,"column":55}},"44":{"start":{"line":209,"column":6},"end":{"line":214,"column":8}},"45":{"start":{"line":216,"column":6},"end":{"line":216,"column":19}},"46":{"start":{"line":238,"column":2},"end":{"line":269,"column":3}},"47":{"start":{"line":240,"column":6},"end":{"line":244,"column":8}},"48":{"start":{"line":246,"column":6},"end":{"line":250,"column":8}},"49":{"start":{"line":252,"column":6},"end":{"line":252,"column":39}},"50":{"start":{"line":254,"column":6},"end":{"line":254,"column":40}},"51":{"start":{"line":256,"column":6},"end":{"line":260,"column":8}},"52":{"start":{"line":262,"column":6},"end":{"line":266,"column":8}},"53":{"start":{"line":268,"column":6},"end":{"line":268,"column":19}},"54":{"start":{"line":279,"column":20},"end":{"line":279,"column":22}},"55":{"start":{"line":280,"column":21},"end":{"line":280,"column":57}},"56":{"start":{"line":281,"column":19},"end":{"line":281,"column":28}},"57":{"start":{"line":284,"column":44},"end":{"line":290,"column":4}},"58":{"start":{"line":293,"column":42},"end":{"line":298,"column":4}},"59":{"start":{"line":301,"column":32},"end":{"line":307,"column":4}},"60":{"start":{"line":311,"column":4},"end":{"line":312,"column":47}},"61":{"start":{"line":314,"column":4},"end":{"line":314,"column":54}},"62":{"start":{"line":317,"column":15},"end":{"line":330,"column":28}},"63":{"start":{"line":320,"column":8},"end":{"line":327,"column":9}},"64":{"start":{"line":326,"column":10},"end":{"line":326,"column":23}},"65":{"start":{"line":328,"column":8},"end":{"line":328,"column":20}},"66":{"start":{"line":332,"column":27},"end":{"line":345,"column":4}},"67":{"start":{"line":334,"column":4},"end":{"line":334,"column":77}},"68":{"start":{"line":334,"column":64},"end":{"line":334,"column":77}},"69":{"start":{"line":335,"column":4},"end":{"line":335,"column":76}},"70":{"start":{"line":335,"column":63},"end":{"line":335,"column":76}},"71":{"start":{"line":338,"column":4},"end":{"line":342,"column":19}},"72":{"start":{"line":342,"column":6},"end":{"line":342,"column":19}},"73":{"start":{"line":344,"column":4},"end":{"line":344,"column":16}},"74":{"start":{"line":348,"column":25},"end":{"line":350,"column":25}},"75":{"start":{"line":354,"column":4},"end":{"line":360,"column":24}},"76":{"start":{"line":356,"column":24},"end":{"line":356,"column":67}},"77":{"start":{"line":357,"column":24},"end":{"line":357,"column":67}},"78":{"start":{"line":358,"column":10},"end":{"line":358,"column":31}},"79":{"start":{"line":364,"column":28},"end":{"line":369,"column":28}},"80":{"start":{"line":372,"column":27},"end":{"line":384,"column":3}},"81":{"start":{"line":373,"column":4},"end":{"line":373,"column":37}},"82":{"start":{"line":373,"column":30},"end":{"line":373,"column":37}},"83":{"start":{"line":374,"column":4},"end":{"line":374,"column":65}},"84":{"start":{"line":375,"column":4},"end":{"line":383,"column":5}},"85":{"start":{"line":376,"column":18},"end":{"line":376,"column":48}},"86":{"start":{"line":377,"column":27},"end":{"line":377,"column":73}},"87":{"start":{"line":378,"column":6},"end":{"line":378,"column":72}},"88":{"start":{"line":380,"column":6},"end":{"line":380,"column":67}},"89":{"start":{"line":382,"column":6},"end":{"line":382,"column":68}},"90":{"start":{"line":386,"column":2},"end":{"line":407,"column":62}},"91":{"start":{"line":387,"column":4},"end":{"line":387,"column":37}},"92":{"start":{"line":387,"column":30},"end":{"line":387,"column":37}},"93":{"start":{"line":388,"column":26},"end":{"line":405,"column":5}},"94":{"start":{"line":389,"column":6},"end":{"line":389,"column":63}},"95":{"start":{"line":390,"column":6},"end":{"line":404,"column":7}},"96":{"start":{"line":391,"column":20},"end":{"line":391,"column":50}},"97":{"start":{"line":392,"column":36},"end":{"line":395,"column":null}},"98":{"start":{"line":397,"column":8},"end":{"line":400,"column":11}},"99":{"start":{"line":402,"column":8},"end":{"line":402,"column":61}},"100":{"start":{"line":403,"column":8},"end":{"line":403,"column":66}},"101":{"start":{"line":406,"column":4},"end":{"line":406,"column":20}},"102":{"start":{"line":410,"column":2},"end":{"line":424,"column":5}},"103":{"start":{"line":412,"column":6},"end":{"line":413,"column":49}},"104":{"start":{"line":414,"column":4},"end":{"line":419,"column":5}},"105":{"start":{"line":418,"column":6},"end":{"line":418,"column":25}},"106":{"start":{"line":427,"column":2},"end":{"line":433,"column":5}},"107":{"start":{"line":428,"column":4},"end":{"line":428,"column":55}},"108":{"start":{"line":435,"column":27},"end":{"line":471,"column":3}},"109":{"start":{"line":436,"column":4},"end":{"line":436,"column":28}},"110":{"start":{"line":436,"column":21},"end":{"line":436,"column":28}},"111":{"start":{"line":437,"column":28},"end":{"line":439,"column":42}},"112":{"start":{"line":442,"column":4},"end":{"line":448,"column":7}},"113":{"start":{"line":450,"column":4},"end":{"line":470,"column":5}},"114":{"start":{"line":451,"column":18},"end":{"line":451,"column":48}},"115":{"start":{"line":452,"column":6},"end":{"line":452,"column":77}},"116":{"start":{"line":454,"column":6},"end":{"line":459,"column":7}},"117":{"start":{"line":455,"column":8},"end":{"line":458,"column":11}},"118":{"start":{"line":461,"column":6},"end":{"line":461,"column":53}},"119":{"start":{"line":463,"column":6},"end":{"line":469,"column":9}},"120":{"start":{"line":473,"column":31},"end":{"line":505,"column":3}},"121":{"start":{"line":474,"column":4},"end":{"line":474,"column":28}},"122":{"start":{"line":474,"column":21},"end":{"line":474,"column":28}},"123":{"start":{"line":475,"column":28},"end":{"line":477,"column":46}},"124":{"start":{"line":480,"column":4},"end":{"line":486,"column":7}},"125":{"start":{"line":488,"column":4},"end":{"line":504,"column":5}},"126":{"start":{"line":489,"column":18},"end":{"line":489,"column":48}},"127":{"start":{"line":490,"column":6},"end":{"line":493,"column":8}},"128":{"start":{"line":495,"column":6},"end":{"line":495,"column":57}},"129":{"start":{"line":497,"column":6},"end":{"line":503,"column":9}},"130":{"start":{"line":507,"column":23},"end":{"line":522,"column":3}},"131":{"start":{"line":508,"column":4},"end":{"line":508,"column":37}},"132":{"start":{"line":508,"column":30},"end":{"line":508,"column":37}},"133":{"start":{"line":509,"column":4},"end":{"line":509,"column":47}},"134":{"start":{"line":510,"column":4},"end":{"line":510,"column":80}},"135":{"start":{"line":511,"column":4},"end":{"line":521,"column":5}},"136":{"start":{"line":512,"column":18},"end":{"line":512,"column":48}},"137":{"start":{"line":513,"column":6},"end":{"line":513,"column":51}},"138":{"start":{"line":514,"column":6},"end":{"line":514,"column":61}},"139":{"start":{"line":515,"column":6},"end":{"line":515,"column":71}},"140":{"start":{"line":516,"column":6},"end":{"line":516,"column":41}},"141":{"start":{"line":517,"column":6},"end":{"line":517,"column":65}},"142":{"start":{"line":517,"column":23},"end":{"line":517,"column":57}},"143":{"start":{"line":519,"column":6},"end":{"line":519,"column":59}},"144":{"start":{"line":520,"column":6},"end":{"line":520,"column":73}},"145":{"start":{"line":524,"column":2},"end":{"line":833,"column":4}},"146":{"start":{"line":546,"column":14},"end":{"line":549,"column":16}},"147":{"start":{"line":553,"column":14},"end":{"line":553,"column":53}},"148":{"start":{"line":556,"column":14},"end":{"line":556,"column":53}},"149":{"start":{"line":571,"column":14},"end":{"line":571,"column":75}},"150":{"start":{"line":572,"column":14},"end":{"line":575,"column":17}},"151":{"start":{"line":586,"column":14},"end":{"line":586,"column":78}},"152":{"start":{"line":587,"column":14},"end":{"line":590,"column":17}},"153":{"start":{"line":601,"column":14},"end":{"line":601,"column":76}},"154":{"start":{"line":602,"column":14},"end":{"line":605,"column":17}},"155":{"start":{"line":616,"column":14},"end":{"line":620,"column":17}},"156":{"start":{"line":621,"column":14},"end":{"line":621,"column":75}},"157":{"start":{"line":650,"column":24},"end":{"line":650,"column":66}},"158":{"start":{"line":652,"column":10},"end":{"line":653,"column":50}},"159":{"start":{"line":653,"column":12},"end":{"line":653,"column":50}},"160":{"start":{"line":659,"column":23},"end":{"line":659,"column":64}},"161":{"start":{"line":684,"column":16},"end":{"line":685,"column":null}},"162":{"start":{"line":707,"column":39},"end":{"line":707,"column":64}},"163":{"start":{"line":718,"column":39},"end":{"line":718,"column":68}},"164":{"start":{"line":744,"column":26},"end":{"line":747,"column":29}},"165":{"start":{"line":781,"column":18},"end":{"line":781,"column":76}},"166":{"start":{"line":782,"column":18},"end":{"line":782,"column":78}},"167":{"start":{"line":805,"column":12},"end":{"line":808,"column":14}},"168":{"start":{"line":821,"column":12},"end":{"line":824,"column":14}}},"fnMap":{"0":{"name":"getFlagEmoji","decl":{"start":{"line":16,"column":9},"end":{"line":16,"column":21}},"loc":{"start":{"line":16,"column":39},"end":{"line":23,"column":1}}},"1":{"name":"ConfirmModal","decl":{"start":{"line":25,"column":9},"end":{"line":25,"column":21}},"loc":{"start":{"line":33,"column":1},"end":{"line":54,"column":1}}},"2":{"name":"Toast","decl":{"start":{"line":56,"column":9},"end":{"line":56,"column":14}},"loc":{"start":{"line":56,"column":68},"end":{"line":59,"column":1}}},"3":{"name":"ShareModal","decl":{"start":{"line":61,"column":9},"end":{"line":61,"column":19}},"loc":{"start":{"line":69,"column":1},"end":{"line":112,"column":1}}},"4":{"name":"articlesReducer","decl":{"start":{"line":131,"column":9},"end":{"line":131,"column":24}},"loc":{"start":{"line":133,"column":24},"end":{"line":178,"column":1}}},"5":{"name":"(anonymous_5)","decl":{"start":{"line":150,"column":28},"end":{"line":150,"column":29}},"loc":{"start":{"line":151,"column":8},"end":{"line":154,"column":null}}},"6":{"name":"(anonymous_6)","decl":{"start":{"line":151,"column":21},"end":{"line":151,"column":22}},"loc":{"start":{"line":152,"column":10},"end":{"line":154,"column":15}}},"7":{"name":"(anonymous_7)","decl":{"start":{"line":169,"column":10},"end":{"line":169,"column":11}},"loc":{"start":{"line":169,"column":17},"end":{"line":169,"column":48}}},"8":{"name":"(anonymous_8)","decl":{"start":{"line":172,"column":10},"end":{"line":172,"column":11}},"loc":{"start":{"line":172,"column":17},"end":{"line":172,"column":48}}},"9":{"name":"filtersReducer","decl":{"start":{"line":195,"column":9},"end":{"line":195,"column":23}},"loc":{"start":{"line":197,"column":23},"end":{"line":218,"column":1}}},"10":{"name":"uiReducer","decl":{"start":{"line":237,"column":9},"end":{"line":237,"column":18}},"loc":{"start":{"line":237,"column":51},"end":{"line":270,"column":1}}},"11":{"name":"ArticleTable","decl":{"start":{"line":272,"column":16},"end":{"line":272,"column":28}},"loc":{"start":{"line":278,"column":1},"end":{"line":834,"column":1}}},"12":{"name":"(anonymous_12)","decl":{"start":{"line":318,"column":39},"end":{"line":318,"column":40}},"loc":{"start":{"line":318,"column":51},"end":{"line":329,"column":7}}},"13":{"name":"(anonymous_13)","decl":{"start":{"line":332,"column":39},"end":{"line":332,"column":40}},"loc":{"start":{"line":332,"column":51},"end":{"line":345,"column":3}}},"14":{"name":"(anonymous_14)","decl":{"start":{"line":355,"column":35},"end":{"line":355,"column":36}},"loc":{"start":{"line":355,"column":44},"end":{"line":359,"column":9}}},"15":{"name":"(anonymous_15)","decl":{"start":{"line":372,"column":27},"end":{"line":372,"column":32}},"loc":{"start":{"line":372,"column":38},"end":{"line":384,"column":3}}},"16":{"name":"(anonymous_16)","decl":{"start":{"line":386,"column":12},"end":{"line":386,"column":15}},"loc":{"start":{"line":386,"column":17},"end":{"line":407,"column":3}}},"17":{"name":"(anonymous_17)","decl":{"start":{"line":388,"column":26},"end":{"line":388,"column":31}},"loc":{"start":{"line":388,"column":37},"end":{"line":405,"column":5}}},"18":{"name":"(anonymous_18)","decl":{"start":{"line":410,"column":12},"end":{"line":410,"column":15}},"loc":{"start":{"line":410,"column":17},"end":{"line":420,"column":3}}},"19":{"name":"(anonymous_19)","decl":{"start":{"line":427,"column":12},"end":{"line":427,"column":15}},"loc":{"start":{"line":427,"column":17},"end":{"line":429,"column":3}}},"20":{"name":"(anonymous_20)","decl":{"start":{"line":435,"column":27},"end":{"line":435,"column":32}},"loc":{"start":{"line":435,"column":62},"end":{"line":471,"column":3}}},"21":{"name":"(anonymous_21)","decl":{"start":{"line":473,"column":31},"end":{"line":473,"column":36}},"loc":{"start":{"line":473,"column":66},"end":{"line":505,"column":3}}},"22":{"name":"(anonymous_22)","decl":{"start":{"line":507,"column":23},"end":{"line":507,"column":28}},"loc":{"start":{"line":507,"column":51},"end":{"line":522,"column":3}}},"23":{"name":"(anonymous_23)","decl":{"start":{"line":517,"column":17},"end":{"line":517,"column":20}},"loc":{"start":{"line":517,"column":23},"end":{"line":517,"column":57}}},"24":{"name":"(anonymous_24)","decl":{"start":{"line":545,"column":22},"end":{"line":545,"column":23}},"loc":{"start":{"line":546,"column":14},"end":{"line":549,"column":16}}},"25":{"name":"(anonymous_25)","decl":{"start":{"line":552,"column":21},"end":{"line":552,"column":22}},"loc":{"start":{"line":552,"column":27},"end":{"line":554,"column":13}}},"26":{"name":"(anonymous_26)","decl":{"start":{"line":555,"column":20},"end":{"line":555,"column":21}},"loc":{"start":{"line":555,"column":26},"end":{"line":557,"column":13}}},"27":{"name":"(anonymous_27)","decl":{"start":{"line":570,"column":21},"end":{"line":570,"column":24}},"loc":{"start":{"line":570,"column":26},"end":{"line":576,"column":13}}},"28":{"name":"(anonymous_28)","decl":{"start":{"line":585,"column":21},"end":{"line":585,"column":24}},"loc":{"start":{"line":585,"column":26},"end":{"line":591,"column":13}}},"29":{"name":"(anonymous_29)","decl":{"start":{"line":600,"column":21},"end":{"line":600,"column":24}},"loc":{"start":{"line":600,"column":26},"end":{"line":606,"column":13}}},"30":{"name":"(anonymous_30)","decl":{"start":{"line":615,"column":21},"end":{"line":615,"column":24}},"loc":{"start":{"line":615,"column":26},"end":{"line":622,"column":13}}},"31":{"name":"(anonymous_31)","decl":{"start":{"line":650,"column":18},"end":{"line":650,"column":21}},"loc":{"start":{"line":650,"column":24},"end":{"line":650,"column":66}}},"32":{"name":"(anonymous_32)","decl":{"start":{"line":651,"column":19},"end":{"line":651,"column":22}},"loc":{"start":{"line":651,"column":24},"end":{"line":654,"column":9}}},"33":{"name":"(anonymous_33)","decl":{"start":{"line":659,"column":17},"end":{"line":659,"column":20}},"loc":{"start":{"line":659,"column":23},"end":{"line":659,"column":64}}},"34":{"name":"(anonymous_34)","decl":{"start":{"line":683,"column":37},"end":{"line":683,"column":38}},"loc":{"start":{"line":684,"column":16},"end":{"line":685,"column":null}}},"35":{"name":"(anonymous_35)","decl":{"start":{"line":707,"column":33},"end":{"line":707,"column":36}},"loc":{"start":{"line":707,"column":39},"end":{"line":707,"column":64}}},"36":{"name":"(anonymous_36)","decl":{"start":{"line":718,"column":33},"end":{"line":718,"column":36}},"loc":{"start":{"line":718,"column":39},"end":{"line":718,"column":68}}},"37":{"name":"(anonymous_37)","decl":{"start":{"line":743,"column":33},"end":{"line":743,"column":36}},"loc":{"start":{"line":743,"column":38},"end":{"line":748,"column":25}}},"38":{"name":"(anonymous_38)","decl":{"start":{"line":780,"column":25},"end":{"line":780,"column":28}},"loc":{"start":{"line":780,"column":30},"end":{"line":783,"column":17}}},"39":{"name":"(anonymous_39)","decl":{"start":{"line":804,"column":19},"end":{"line":804,"column":22}},"loc":{"start":{"line":805,"column":12},"end":{"line":808,"column":14}}},"40":{"name":"(anonymous_40)","decl":{"start":{"line":820,"column":19},"end":{"line":820,"column":22}},"loc":{"start":{"line":821,"column":12},"end":{"line":824,"column":14}}}},"branchMap":{"0":{"loc":{"start":{"line":17,"column":2},"end":{"line":17,"column":27}},"type":"if","locations":[{"start":{"line":17,"column":2},"end":{"line":17,"column":27}},{"start":{},"end":{}}]},"1":{"loc":{"start":{"line":22,"column":9},"end":{"line":22,"column":30}},"type":"binary-expr","locations":[{"start":{"line":22,"column":9},"end":{"line":22,"column":22}},{"start":{"line":22,"column":26},"end":{"line":22,"column":30}}]},"2":{"loc":{"start":{"line":34,"column":2},"end":{"line":34,"column":25}},"type":"if","locations":[{"start":{"line":34,"column":2},"end":{"line":34,"column":25}},{"start":{},"end":{}}]},"3":{"loc":{"start":{"line":57,"column":2},"end":{"line":57,"column":25}},"type":"if","locations":[{"start":{"line":57,"column":2},"end":{"line":57,"column":25}},{"start":{},"end":{}}]},"4":{"loc":{"start":{"line":70,"column":2},"end":{"line":70,"column":37}},"type":"if","locations":[{"start":{"line":70,"column":2},"end":{"line":70,"column":37}},{"start":{},"end":{}}]},"5":{"loc":{"start":{"line":70,"column":6},"end":{"line":70,"column":23}},"type":"binary-expr","locations":[{"start":{"line":70,"column":6},"end":{"line":70,"column":11}},{"start":{"line":70,"column":15},"end":{"line":70,"column":23}}]},"6":{"loc":{"start":{"line":135,"column":2},"end":{"line":177,"column":3}},"type":"switch","locations":[{"start":{"line":136,"column":4},"end":{"line":142,"column":8}},{"start":{"line":143,"column":4},"end":{"line":144,"column":48}},{"start":{"line":145,"column":4},"end":{"line":146,"column":55}},{"start":{"line":147,"column":4},"end":{"line":148,"column":51}},{"start":{"line":149,"column":4},"end":{"line":164,"column":5}},{"start":{"line":165,"column":4},"end":{"line":174,"column":8}},{"start":{"line":175,"column":4},"end":{"line":176,"column":19}}]},"7":{"loc":{"start":{"line":152,"column":10},"end":{"line":154,"column":15}},"type":"cond-expr","locations":[{"start":{"line":153,"column":14},"end":{"line":153,"column":49}},{"start":{"line":154,"column":14},"end":{"line":154,"column":15}}]},"8":{"loc":{"start":{"line":160,"column":10},"end":{"line":162,"column":31}},"type":"cond-expr","locations":[{"start":{"line":161,"column":14},"end":{"line":161,"column":46}},{"start":{"line":162,"column":14},"end":{"line":162,"column":31}}]},"9":{"loc":{"start":{"line":199,"column":2},"end":{"line":217,"column":3}},"type":"switch","locations":[{"start":{"line":200,"column":4},"end":{"line":201,"column":54}},{"start":{"line":202,"column":4},"end":{"line":203,"column":58}},{"start":{"line":204,"column":4},"end":{"line":205,"column":54}},{"start":{"line":206,"column":4},"end":{"line":207,"column":55}},{"start":{"line":208,"column":4},"end":{"line":214,"column":8}},{"start":{"line":215,"column":4},"end":{"line":216,"column":19}}]},"10":{"loc":{"start":{"line":238,"column":2},"end":{"line":269,"column":3}},"type":"switch","locations":[{"start":{"line":239,"column":4},"end":{"line":244,"column":8}},{"start":{"line":245,"column":4},"end":{"line":250,"column":8}},{"start":{"line":251,"column":4},"end":{"line":252,"column":39}},{"start":{"line":253,"column":4},"end":{"line":254,"column":40}},{"start":{"line":255,"column":4},"end":{"line":260,"column":8}},{"start":{"line":261,"column":4},"end":{"line":266,"column":8}},{"start":{"line":267,"column":4},"end":{"line":268,"column":19}}]},"11":{"loc":{"start":{"line":311,"column":4},"end":{"line":312,"column":47}},"type":"binary-expr","locations":[{"start":{"line":311,"column":4},"end":{"line":311,"column":37}},{"start":{"line":312,"column":4},"end":{"line":312,"column":47}}]},"12":{"loc":{"start":{"line":314,"column":4},"end":{"line":314,"column":54}},"type":"binary-expr","locations":[{"start":{"line":314,"column":4},"end":{"line":314,"column":34}},{"start":{"line":314,"column":38},"end":{"line":314,"column":54}}]},"13":{"loc":{"start":{"line":317,"column":15},"end":{"line":330,"column":28}},"type":"cond-expr","locations":[{"start":{"line":318,"column":6},"end":{"line":329,"column":8}},{"start":{"line":330,"column":6},"end":{"line":330,"column":28}}]},"14":{"loc":{"start":{"line":320,"column":8},"end":{"line":327,"column":9}},"type":"if","locations":[{"start":{"line":320,"column":8},"end":{"line":327,"column":9}},{"start":{},"end":{}}]},"15":{"loc":{"start":{"line":321,"column":10},"end":{"line":324,"column":60}},"type":"binary-expr","locations":[{"start":{"line":321,"column":10},"end":{"line":321,"column":33}},{"start":{"line":322,"column":10},"end":{"line":324,"column":60}}]},"16":{"loc":{"start":{"line":334,"column":4},"end":{"line":334,"column":77}},"type":"if","locations":[{"start":{"line":334,"column":4},"end":{"line":334,"column":77}},{"start":{},"end":{}}]},"17":{"loc":{"start":{"line":334,"column":8},"end":{"line":334,"column":62}},"type":"binary-expr","locations":[{"start":{"line":334,"column":8},"end":{"line":334,"column":44}},{"start":{"line":334,"column":48},"end":{"line":334,"column":62}}]},"18":{"loc":{"start":{"line":335,"column":4},"end":{"line":335,"column":76}},"type":"if","locations":[{"start":{"line":335,"column":4},"end":{"line":335,"column":76}},{"start":{},"end":{}}]},"19":{"loc":{"start":{"line":335,"column":8},"end":{"line":335,"column":61}},"type":"binary-expr","locations":[{"start":{"line":335,"column":8},"end":{"line":335,"column":42}},{"start":{"line":335,"column":46},"end":{"line":335,"column":61}}]},"20":{"loc":{"start":{"line":338,"column":4},"end":{"line":342,"column":19}},"type":"if","locations":[{"start":{"line":338,"column":4},"end":{"line":342,"column":19}},{"start":{},"end":{}}]},"21":{"loc":{"start":{"line":339,"column":6},"end":{"line":340,"column":25}},"type":"binary-expr","locations":[{"start":{"line":339,"column":6},"end":{"line":339,"column":49}},{"start":{"line":340,"column":6},"end":{"line":340,"column":25}}]},"22":{"loc":{"start":{"line":348,"column":25},"end":{"line":350,"column":25}},"type":"cond-expr","locations":[{"start":{"line":349,"column":6},"end":{"line":349,"column":29}},{"start":{"line":350,"column":6},"end":{"line":350,"column":25}}]},"23":{"loc":{"start":{"line":354,"column":4},"end":{"line":360,"column":24}},"type":"cond-expr","locations":[{"start":{"line":355,"column":8},"end":{"line":359,"column":10}},{"start":{"line":360,"column":8},"end":{"line":360,"column":24}}]},"24":{"loc":{"start":{"line":356,"column":24},"end":{"line":356,"column":67}},"type":"cond-expr","locations":[{"start":{"line":356,"column":35},"end":{"line":356,"column":63}},{"start":{"line":356,"column":66},"end":{"line":356,"column":67}}]},"25":{"loc":{"start":{"line":357,"column":24},"end":{"line":357,"column":67}},"type":"cond-expr","locations":[{"start":{"line":357,"column":35},"end":{"line":357,"column":63}},{"start":{"line":357,"column":66},"end":{"line":357,"column":67}}]},"26":{"loc":{"start":{"line":364,"column":28},"end":{"line":369,"column":28}},"type":"cond-expr","locations":[{"start":{"line":365,"column":6},"end":{"line":367,"column":null}},{"start":{"line":369,"column":6},"end":{"line":369,"column":28}}]},"27":{"loc":{"start":{"line":373,"column":4},"end":{"line":373,"column":37}},"type":"if","locations":[{"start":{"line":373,"column":4},"end":{"line":373,"column":37}},{"start":{},"end":{}}]},"28":{"loc":{"start":{"line":373,"column":8},"end":{"line":373,"column":28}},"type":"binary-expr","locations":[{"start":{"line":373,"column":8},"end":{"line":373,"column":19}},{"start":{"line":373,"column":23},"end":{"line":373,"column":28}}]},"29":{"loc":{"start":{"line":387,"column":4},"end":{"line":387,"column":37}},"type":"if","locations":[{"start":{"line":387,"column":4},"end":{"line":387,"column":37}},{"start":{},"end":{}}]},"30":{"loc":{"start":{"line":387,"column":8},"end":{"line":387,"column":28}},"type":"binary-expr","locations":[{"start":{"line":387,"column":8},"end":{"line":387,"column":19}},{"start":{"line":387,"column":23},"end":{"line":387,"column":28}}]},"31":{"loc":{"start":{"line":412,"column":6},"end":{"line":413,"column":49}},"type":"binary-expr","locations":[{"start":{"line":412,"column":6},"end":{"line":412,"column":39}},{"start":{"line":413,"column":6},"end":{"line":413,"column":49}}]},"32":{"loc":{"start":{"line":414,"column":4},"end":{"line":419,"column":5}},"type":"if","locations":[{"start":{"line":414,"column":4},"end":{"line":419,"column":5}},{"start":{},"end":{}}]},"33":{"loc":{"start":{"line":415,"column":6},"end":{"line":416,"column":44}},"type":"binary-expr","locations":[{"start":{"line":415,"column":7},"end":{"line":415,"column":30}},{"start":{"line":415,"column":34},"end":{"line":415,"column":50}},{"start":{"line":416,"column":6},"end":{"line":416,"column":44}}]},"34":{"loc":{"start":{"line":436,"column":4},"end":{"line":436,"column":28}},"type":"if","locations":[{"start":{"line":436,"column":4},"end":{"line":436,"column":28}},{"start":{},"end":{}}]},"35":{"loc":{"start":{"line":437,"column":28},"end":{"line":439,"column":42}},"type":"cond-expr","locations":[{"start":{"line":438,"column":8},"end":{"line":438,"column":44}},{"start":{"line":439,"column":8},"end":{"line":439,"column":42}}]},"36":{"loc":{"start":{"line":454,"column":6},"end":{"line":459,"column":7}},"type":"if","locations":[{"start":{"line":454,"column":6},"end":{"line":459,"column":7}},{"start":{},"end":{}}]},"37":{"loc":{"start":{"line":474,"column":4},"end":{"line":474,"column":28}},"type":"if","locations":[{"start":{"line":474,"column":4},"end":{"line":474,"column":28}},{"start":{},"end":{}}]},"38":{"loc":{"start":{"line":475,"column":28},"end":{"line":477,"column":46}},"type":"cond-expr","locations":[{"start":{"line":476,"column":8},"end":{"line":476,"column":48}},{"start":{"line":477,"column":8},"end":{"line":477,"column":46}}]},"39":{"loc":{"start":{"line":492,"column":8},"end":{"line":492,"column":43}},"type":"binary-expr","locations":[{"start":{"line":492,"column":8},"end":{"line":492,"column":34}},{"start":{"line":492,"column":38},"end":{"line":492,"column":43}}]},"40":{"loc":{"start":{"line":508,"column":4},"end":{"line":508,"column":37}},"type":"if","locations":[{"start":{"line":508,"column":4},"end":{"line":508,"column":37}},{"start":{},"end":{}}]},"41":{"loc":{"start":{"line":508,"column":8},"end":{"line":508,"column":28}},"type":"binary-expr","locations":[{"start":{"line":508,"column":8},"end":{"line":508,"column":19}},{"start":{"line":508,"column":23},"end":{"line":508,"column":28}}]},"42":{"loc":{"start":{"line":520,"column":47},"end":{"line":520,"column":70}},"type":"binary-expr","locations":[{"start":{"line":520,"column":47},"end":{"line":520,"column":61}},{"start":{"line":520,"column":65},"end":{"line":520,"column":70}}]},"43":{"loc":{"start":{"line":565,"column":14},"end":{"line":568,"column":null}},"type":"cond-expr","locations":[{"start":{"line":567,"column":18},"end":{"line":567,"column":26}},{"start":{"line":568,"column":18},"end":{"line":568,"column":null}}]},"44":{"loc":{"start":{"line":565,"column":14},"end":{"line":566,"column":51}},"type":"binary-expr","locations":[{"start":{"line":565,"column":14},"end":{"line":565,"column":47}},{"start":{"line":566,"column":14},"end":{"line":566,"column":51}}]},"45":{"loc":{"start":{"line":583,"column":14},"end":{"line":583,"column":null}},"type":"cond-expr","locations":[{"start":{"line":583,"column":53},"end":{"line":583,"column":61}},{"start":{"line":583,"column":64},"end":{"line":583,"column":null}}]},"46":{"loc":{"start":{"line":598,"column":14},"end":{"line":598,"column":null}},"type":"cond-expr","locations":[{"start":{"line":598,"column":51},"end":{"line":598,"column":59}},{"start":{"line":598,"column":62},"end":{"line":598,"column":null}}]},"47":{"loc":{"start":{"line":613,"column":14},"end":{"line":613,"column":null}},"type":"cond-expr","locations":[{"start":{"line":613,"column":60},"end":{"line":613,"column":68}},{"start":{"line":613,"column":71},"end":{"line":613,"column":null}}]},"48":{"loc":{"start":{"line":619,"column":18},"end":{"line":619,"column":83}},"type":"cond-expr","locations":[{"start":{"line":619,"column":64},"end":{"line":619,"column":69}},{"start":{"line":619,"column":72},"end":{"line":619,"column":83}}]},"49":{"loc":{"start":{"line":628,"column":9},"end":{"line":644,"column":null}},"type":"binary-expr","locations":[{"start":{"line":628,"column":9},"end":{"line":628,"column":32}},{"start":{"line":629,"column":10},"end":{"line":643,"column":null}}]},"50":{"loc":{"start":{"line":630,"column":13},"end":{"line":642,"column":null}},"type":"cond-expr","locations":[{"start":{"line":631,"column":14},"end":{"line":631,"column":53}},{"start":{"line":633,"column":14},"end":{"line":641,"column":null}}]},"51":{"loc":{"start":{"line":635,"column":17},"end":{"line":635,"column":57}},"type":"cond-expr","locations":[{"start":{"line":635,"column":49},"end":{"line":635,"column":52}},{"start":{"line":635,"column":55},"end":{"line":635,"column":57}}]},"52":{"loc":{"start":{"line":636,"column":17},"end":{"line":636,"column":57}},"type":"cond-expr","locations":[{"start":{"line":636,"column":49},"end":{"line":636,"column":52}},{"start":{"line":636,"column":55},"end":{"line":636,"column":57}}]},"53":{"loc":{"start":{"line":637,"column":17},"end":{"line":640,"column":null}},"type":"binary-expr","locations":[{"start":{"line":637,"column":17},"end":{"line":637,"column":53}},{"start":{"line":638,"column":18},"end":{"line":639,"column":null}}]},"54":{"loc":{"start":{"line":652,"column":10},"end":{"line":653,"column":50}},"type":"if","locations":[{"start":{"line":652,"column":10},"end":{"line":653,"column":50}},{"start":{},"end":{}}]},"55":{"loc":{"start":{"line":661,"column":7},"end":{"line":799,"column":null}},"type":"cond-expr","locations":[{"start":{"line":662,"column":8},"end":{"line":662,"column":32}},{"start":{"line":664,"column":8},"end":{"line":798,"column":null}}]},"56":{"loc":{"start":{"line":686,"column":29},"end":{"line":686,"column":60}},"type":"cond-expr","locations":[{"start":{"line":686,"column":46},"end":{"line":686,"column":55}},{"start":{"line":686,"column":58},"end":{"line":686,"column":60}}]},"57":{"loc":{"start":{"line":700,"column":23},"end":{"line":700,"column":73}},"type":"cond-expr","locations":[{"start":{"line":700,"column":41},"end":{"line":700,"column":67}},{"start":{"line":700,"column":70},"end":{"line":700,"column":73}}]},"58":{"loc":{"start":{"line":705,"column":26},"end":{"line":705,"column":null}},"type":"cond-expr","locations":[{"start":{"line":705,"column":43},"end":{"line":705,"column":52}},{"start":{"line":705,"column":55},"end":{"line":705,"column":null}}]},"59":{"loc":{"start":{"line":709,"column":26},"end":{"line":711,"column":49}},"type":"cond-expr","locations":[{"start":{"line":710,"column":30},"end":{"line":710,"column":52}},{"start":{"line":711,"column":30},"end":{"line":711,"column":49}}]},"60":{"loc":{"start":{"line":714,"column":31},"end":{"line":714,"column":58}},"type":"cond-expr","locations":[{"start":{"line":714,"column":48},"end":{"line":714,"column":51}},{"start":{"line":714,"column":54},"end":{"line":714,"column":58}}]},"61":{"loc":{"start":{"line":720,"column":26},"end":{"line":722,"column":50}},"type":"cond-expr","locations":[{"start":{"line":721,"column":30},"end":{"line":721,"column":51}},{"start":{"line":722,"column":30},"end":{"line":722,"column":50}}]},"62":{"loc":{"start":{"line":725,"column":43},"end":{"line":727,"column":39}},"type":"cond-expr","locations":[{"start":{"line":726,"column":30},"end":{"line":726,"column":39}},{"start":{"line":727,"column":30},"end":{"line":727,"column":39}}]},"63":{"loc":{"start":{"line":728,"column":33},"end":{"line":728,"column":72}},"type":"cond-expr","locations":[{"start":{"line":728,"column":54},"end":{"line":728,"column":60}},{"start":{"line":728,"column":63},"end":{"line":728,"column":72}}]},"64":{"loc":{"start":{"line":731,"column":25},"end":{"line":738,"column":null}},"type":"cond-expr","locations":[{"start":{"line":732,"column":26},"end":{"line":732,"column":40}},{"start":{"line":734,"column":26},"end":{"line":737,"column":null}}]},"65":{"loc":{"start":{"line":761,"column":11},"end":{"line":797,"column":null}},"type":"binary-expr","locations":[{"start":{"line":761,"column":11},"end":{"line":761,"column":34}},{"start":{"line":761,"column":38},"end":{"line":761,"column":67}},{"start":{"line":762,"column":12},"end":{"line":796,"column":null}}]}},"s":{"0":4,"1":4,"2":4,"3":4,"4":4,"5":4,"6":4,"7":4,"8":4,"9":405,"10":0,"11":405,"12":405,"13":200,"14":199,"15":1,"16":200,"17":200,"18":0,"19":200,"20":200,"21":0,"22":0,"23":0,"24":0,"25":0,"26":178,"27":40,"28":70,"29":13,"30":47,"31":8,"32":10,"33":22,"34":8,"35":0,"36":0,"37":0,"38":0,"39":84,"40":23,"41":23,"42":4,"43":34,"44":0,"45":0,"46":2,"47":1,"48":1,"49":0,"50":0,"51":0,"52":0,"53":0,"54":200,"55":200,"56":200,"57":200,"58":200,"59":200,"60":200,"61":200,"62":200,"63":91,"64":4,"65":87,"66":200,"67":529,"68":5,"69":524,"70":12,"71":512,"72":27,"73":485,"74":200,"75":200,"76":0,"77":0,"78":0,"79":200,"80":200,"81":20,"82":0,"83":20,"84":20,"85":20,"86":20,"87":19,"88":1,"89":20,"90":200,"91":46,"92":0,"93":46,"94":46,"95":46,"96":46,"97":46,"98":45,"99":1,"100":1,"101":46,"102":200,"103":64,"104":64,"105":20,"106":200,"107":64,"108":200,"109":2,"110":0,"111":2,"112":2,"113":2,"114":2,"115":2,"116":0,"117":0,"118":2,"119":2,"120":200,"121":3,"122":0,"123":3,"124":3,"125":3,"126":3,"127":3,"128":1,"129":1,"130":200,"131":1,"132":0,"133":1,"134":1,"135":1,"136":1,"137":1,"138":0,"139":0,"140":0,"141":0,"142":0,"143":1,"144":1,"145":200,"146":4,"147":0,"148":0,"149":1,"150":1,"151":4,"152":4,"153":6,"154":6,"155":12,"156":12,"157":0,"158":1,"159":1,"160":0,"161":405,"162":2,"163":3,"164":1,"165":0,"166":0,"167":1,"168":5},"f":{"0":405,"1":200,"2":200,"3":200,"4":178,"5":10,"6":22,"7":0,"8":0,"9":84,"10":2,"11":200,"12":91,"13":529,"14":0,"15":20,"16":46,"17":46,"18":64,"19":64,"20":2,"21":3,"22":1,"23":0,"24":4,"25":0,"26":0,"27":1,"28":4,"29":6,"30":12,"31":0,"32":1,"33":0,"34":405,"35":2,"36":3,"37":1,"38":0,"39":1,"40":5},"b":{"0":[0,405],"1":[405,405],"2":[199,1],"3":[200,0],"4":[200,0],"5":[200,0],"6":[40,70,13,47,8,0,0],"7":[10,12],"8":[2,6],"9":[23,23,4,34,0,0],"10":[1,1,0,0,0,0,0],"11":[200,177],"12":[200,186],"13":[64,136],"14":[4,87],"15":[91,6],"16":[5,524],"17":[529,15],"18":[12,512],"19":[524,19],"20":[27,485],"21":[512,53],"22":[64,136],"23":[14,186],"24":[0,0],"25":[0,0],"26":[64,136],"27":[0,20],"28":[20,20],"29":[0,46],"30":[46,46],"31":[64,54],"32":[20,44],"33":[64,59,26],"34":[0,2],"35":[0,2],"36":[0,0],"37":[0,3],"38":[1,2],"39":[3,0],"40":[0,1],"41":[1,1],"42":[1,0],"43":[144,56],"44":[200,177],"45":[9,191],"46":[14,186],"47":[33,167],"48":[0,12],"49":[200,14],"50":[8,6],"51":[4,2],"52":[4,2],"53":[6,2],"54":[1,0],"55":[83,117],"56":[199,206],"57":[405,0],"58":[199,206],"59":[199,206],"60":[199,206],"61":[178,227],"62":[178,227],"63":[178,227],"64":[178,227],"65":[117,13,11]}}
,"C:\\Users\\diana\\Projects\\que-leo\\src\\ui\\RandomArticle\\RandomArticle.tsx": {"path":"C:\\Users\\diana\\Projects\\que-leo\\src\\ui\\RandomArticle\\RandomArticle.tsx","statementMap":{"0":{"start":{"line":15,"column":0},"end":{"line":15,"column":16}},"1":{"start":{"line":1,"column":0},"end":{"line":1,"column":56}},"2":{"start":{"line":2,"column":0},"end":{"line":2,"column":46}},"3":{"start":{"line":3,"column":0},"end":{"line":3,"column":29}},"4":{"start":{"line":5,"column":0},"end":{"line":5,"column":null}},"5":{"start":{"line":9,"column":0},"end":{"line":9,"column":81}},"6":{"start":{"line":10,"column":0},"end":{"line":10,"column":51}},"7":{"start":{"line":11,"column":0},"end":{"line":11,"column":66}},"8":{"start":{"line":12,"column":0},"end":{"line":12,"column":74}},"9":{"start":{"line":13,"column":0},"end":{"line":13,"column":67}},"10":{"start":{"line":20,"column":34},"end":{"line":20,"column":57}},"11":{"start":{"line":21,"column":32},"end":{"line":21,"column":62}},"12":{"start":{"line":22,"column":32},"end":{"line":22,"column":46}},"13":{"start":{"line":23,"column":36},"end":{"line":23,"column":51}},"14":{"start":{"line":24,"column":48},"end":{"line":24,"column":77}},"15":{"start":{"line":25,"column":36},"end":{"line":25,"column":51}},"16":{"start":{"line":26,"column":52},"end":{"line":26,"column":67}},"17":{"start":{"line":27,"column":40},"end":{"line":27,"column":55}},"18":{"start":{"line":28,"column":48},"end":{"line":28,"column":63}},"19":{"start":{"line":30,"column":21},"end":{"line":30,"column":57}},"20":{"start":{"line":31,"column":19},"end":{"line":31,"column":28}},"21":{"start":{"line":33,"column":2},"end":{"line":43,"column":42}},"22":{"start":{"line":34,"column":4},"end":{"line":34,"column":37}},"23":{"start":{"line":34,"column":30},"end":{"line":34,"column":37}},"24":{"start":{"line":35,"column":26},"end":{"line":41,"column":5}},"25":{"start":{"line":36,"column":6},"end":{"line":36,"column":23}},"26":{"start":{"line":37,"column":18},"end":{"line":37,"column":48}},"27":{"start":{"line":38,"column":21},"end":{"line":38,"column":49}},"28":{"start":{"line":39,"column":6},"end":{"line":39,"column":26}},"29":{"start":{"line":40,"column":6},"end":{"line":40,"column":24}},"30":{"start":{"line":42,"column":4},"end":{"line":42,"column":20}},"31":{"start":{"line":45,"column":2},"end":{"line":56,"column":26}},"32":{"start":{"line":47,"column":4},"end":{"line":55,"column":5}},"33":{"start":{"line":48,"column":21},"end":{"line":48,"column":54}},"34":{"start":{"line":48,"column":44},"end":{"line":48,"column":53}},"35":{"start":{"line":49,"column":6},"end":{"line":54,"column":7}},"36":{"start":{"line":50,"column":8},"end":{"line":50,"column":25}},"37":{"start":{"line":52,"column":28},"end":{"line":52,"column":71}},"38":{"start":{"line":53,"column":8},"end":{"line":53,"column":42}},"39":{"start":{"line":58,"column":33},"end":{"line":66,"column":3}},"40":{"start":{"line":59,"column":19},"end":{"line":59,"column":52}},"41":{"start":{"line":59,"column":42},"end":{"line":59,"column":51}},"42":{"start":{"line":60,"column":4},"end":{"line":65,"column":5}},"43":{"start":{"line":61,"column":6},"end":{"line":61,"column":23}},"44":{"start":{"line":63,"column":26},"end":{"line":63,"column":69}},"45":{"start":{"line":64,"column":6},"end":{"line":64,"column":40}},"46":{"start":{"line":68,"column":29},"end":{"line":71,"column":3}},"47":{"start":{"line":69,"column":4},"end":{"line":69,"column":27}},"48":{"start":{"line":70,"column":4},"end":{"line":70,"column":54}},"49":{"start":{"line":73,"column":29},"end":{"line":78,"column":3}},"50":{"start":{"line":74,"column":4},"end":{"line":74,"column":27}},"51":{"start":{"line":76,"column":6},"end":{"line":76,"column":64}},"52":{"start":{"line":77,"column":4},"end":{"line":77,"column":60}},"53":{"start":{"line":80,"column":23},"end":{"line":112,"column":3}},"54":{"start":{"line":81,"column":4},"end":{"line":81,"column":37}},"55":{"start":{"line":81,"column":30},"end":{"line":81,"column":37}},"56":{"start":{"line":82,"column":4},"end":{"line":82,"column":24}},"57":{"start":{"line":83,"column":4},"end":{"line":83,"column":80}},"58":{"start":{"line":84,"column":4},"end":{"line":111,"column":5}},"59":{"start":{"line":85,"column":18},"end":{"line":85,"column":48}},"60":{"start":{"line":86,"column":6},"end":{"line":86,"column":51}},"61":{"start":{"line":87,"column":6},"end":{"line":87,"column":61}},"62":{"start":{"line":90,"column":6},"end":{"line":92,"column":8}},"63":{"start":{"line":91,"column":8},"end":{"line":91,"column":62}},"64":{"start":{"line":91,"column":27},"end":{"line":91,"column":61}},"65":{"start":{"line":95,"column":6},"end":{"line":106,"column":7}},"66":{"start":{"line":96,"column":34},"end":{"line":97,"column":null}},"67":{"start":{"line":97,"column":17},"end":{"line":97,"column":51}},"68":{"start":{"line":99,"column":25},"end":{"line":99,"column":67}},"69":{"start":{"line":99,"column":57},"end":{"line":99,"column":66}},"70":{"start":{"line":100,"column":8},"end":{"line":105,"column":9}},"71":{"start":{"line":101,"column":10},"end":{"line":101,"column":27}},"72":{"start":{"line":103,"column":30},"end":{"line":103,"column":73}},"73":{"start":{"line":104,"column":10},"end":{"line":104,"column":44}},"74":{"start":{"line":110,"column":6},"end":{"line":110,"column":56}},"75":{"start":{"line":116,"column":27},"end":{"line":138,"column":3}},"76":{"start":{"line":117,"column":4},"end":{"line":117,"column":40}},"77":{"start":{"line":117,"column":33},"end":{"line":117,"column":40}},"78":{"start":{"line":118,"column":4},"end":{"line":118,"column":25}},"79":{"start":{"line":119,"column":4},"end":{"line":137,"column":5}},"80":{"start":{"line":120,"column":25},"end":{"line":120,"column":40}},"81":{"start":{"line":121,"column":18},"end":{"line":121,"column":48}},"82":{"start":{"line":122,"column":6},"end":{"line":122,"column":57}},"83":{"start":{"line":123,"column":26},"end":{"line":127,"column":19}},"84":{"start":{"line":128,"column":6},"end":{"line":128,"column":30}},"85":{"start":{"line":129,"column":6},"end":{"line":131,"column":8}},"86":{"start":{"line":130,"column":8},"end":{"line":130,"column":80}},"87":{"start":{"line":130,"column":25},"end":{"line":130,"column":78}},"88":{"start":{"line":134,"column":6},"end":{"line":134,"column":53}},"89":{"start":{"line":136,"column":6},"end":{"line":136,"column":28}},"90":{"start":{"line":140,"column":31},"end":{"line":193,"column":3}},"91":{"start":{"line":141,"column":4},"end":{"line":141,"column":40}},"92":{"start":{"line":141,"column":33},"end":{"line":141,"column":40}},"93":{"start":{"line":144,"column":4},"end":{"line":167,"column":5}},"94":{"start":{"line":145,"column":6},"end":{"line":145,"column":31}},"95":{"start":{"line":146,"column":6},"end":{"line":165,"column":7}},"96":{"start":{"line":147,"column":32},"end":{"line":147,"column":64}},"97":{"start":{"line":148,"column":20},"end":{"line":148,"column":50}},"98":{"start":{"line":149,"column":8},"end":{"line":152,"column":10}},"99":{"start":{"line":153,"column":28},"end":{"line":156,"column":21}},"100":{"start":{"line":157,"column":8},"end":{"line":157,"column":32}},"101":{"start":{"line":158,"column":8},"end":{"line":160,"column":10}},"102":{"start":{"line":159,"column":10},"end":{"line":159,"column":82}},"103":{"start":{"line":159,"column":27},"end":{"line":159,"column":80}},"104":{"start":{"line":162,"column":8},"end":{"line":162,"column":56}},"105":{"start":{"line":164,"column":8},"end":{"line":164,"column":34}},"106":{"start":{"line":166,"column":6},"end":{"line":166,"column":13}},"107":{"start":{"line":170,"column":4},"end":{"line":170,"column":29}},"108":{"start":{"line":171,"column":4},"end":{"line":192,"column":5}},"109":{"start":{"line":172,"column":30},"end":{"line":172,"column":60}},"110":{"start":{"line":173,"column":18},"end":{"line":173,"column":48}},"111":{"start":{"line":174,"column":6},"end":{"line":177,"column":8}},"112":{"start":{"line":178,"column":26},"end":{"line":181,"column":19}},"113":{"start":{"line":182,"column":6},"end":{"line":182,"column":30}},"114":{"start":{"line":183,"column":6},"end":{"line":185,"column":8}},"115":{"start":{"line":184,"column":8},"end":{"line":184,"column":80}},"116":{"start":{"line":184,"column":25},"end":{"line":184,"column":78}},"117":{"start":{"line":187,"column":6},"end":{"line":187,"column":33}},"118":{"start":{"line":189,"column":6},"end":{"line":189,"column":54}},"119":{"start":{"line":191,"column":6},"end":{"line":191,"column":32}},"120":{"start":{"line":196,"column":4},"end":{"line":196,"column":46}},"121":{"start":{"line":196,"column":32},"end":{"line":196,"column":46}},"122":{"start":{"line":197,"column":4},"end":{"line":197,"column":46}},"123":{"start":{"line":197,"column":32},"end":{"line":197,"column":46}},"124":{"start":{"line":198,"column":4},"end":{"line":198,"column":14}},"125":{"start":{"line":201,"column":2},"end":{"line":451,"column":4}},"126":{"start":{"line":252,"column":35},"end":{"line":252,"column":53}},"127":{"start":{"line":261,"column":22},"end":{"line":261,"column":61}},"128":{"start":{"line":262,"column":22},"end":{"line":262,"column":41}},"129":{"start":{"line":283,"column":37},"end":{"line":283,"column":65}},"130":{"start":{"line":284,"column":22},"end":{"line":284,"column":57}},"131":{"start":{"line":288,"column":37},"end":{"line":288,"column":65}},"132":{"start":{"line":289,"column":22},"end":{"line":289,"column":55}},"133":{"start":{"line":290,"column":22},"end":{"line":290,"column":57}},"134":{"start":{"line":314,"column":40},"end":{"line":314,"column":76}},"135":{"start":{"line":325,"column":38},"end":{"line":325,"column":72}},"136":{"start":{"line":360,"column":37},"end":{"line":371,"column":24}},"137":{"start":{"line":372,"column":38},"end":{"line":372,"column":65}},"138":{"start":{"line":373,"column":22},"end":{"line":381,"column":24}},"139":{"start":{"line":435,"column":24},"end":{"line":435,"column":43}},"140":{"start":{"line":437,"column":10},"end":{"line":437,"column":70}},"141":{"start":{"line":437,"column":40},"end":{"line":437,"column":70}},"142":{"start":{"line":443,"column":23},"end":{"line":443,"column":42}},"143":{"start":{"line":448,"column":23},"end":{"line":448,"column":50}},"144":{"start":{"line":471,"column":2},"end":{"line":492,"column":4}},"145":{"start":{"line":504,"column":2},"end":{"line":504,"column":25}},"146":{"start":{"line":504,"column":13},"end":{"line":504,"column":25}},"147":{"start":{"line":505,"column":2},"end":{"line":523,"column":4}},"148":{"start":{"line":537,"column":2},"end":{"line":537,"column":37}},"149":{"start":{"line":537,"column":25},"end":{"line":537,"column":37}},"150":{"start":{"line":538,"column":20},"end":{"line":538,"column":70}},"151":{"start":{"line":539,"column":14},"end":{"line":539,"column":45}},"152":{"start":{"line":540,"column":21},"end":{"line":540,"column":81}},"153":{"start":{"line":541,"column":22},"end":{"line":541,"column":82}},"154":{"start":{"line":542,"column":2},"end":{"line":574,"column":4}},"155":{"start":{"line":586,"column":2},"end":{"line":586,"column":37}},"156":{"start":{"line":586,"column":25},"end":{"line":586,"column":37}},"157":{"start":{"line":587,"column":20},"end":{"line":587,"column":87}},"158":{"start":{"line":588,"column":14},"end":{"line":588,"column":45}},"159":{"start":{"line":589,"column":21},"end":{"line":589,"column":81}},"160":{"start":{"line":590,"column":22},"end":{"line":590,"column":82}},"161":{"start":{"line":591,"column":2},"end":{"line":627,"column":4}}},"fnMap":{"0":{"name":"RandomArticle","decl":{"start":{"line":15,"column":16},"end":{"line":15,"column":29}},"loc":{"start":{"line":19,"column":1},"end":{"line":452,"column":1}}},"1":{"name":"(anonymous_1)","decl":{"start":{"line":33,"column":12},"end":{"line":33,"column":15}},"loc":{"start":{"line":33,"column":17},"end":{"lin
[...]
:184,"column":80}}},"21":{"name":"(anonymous_21)","decl":{"start":{"line":184,"column":17},"end":{"line":184,"column":18}},"loc":{"start":{"line":184,"column":25},"end":{"line":184,"column":78}}},"22":{"name":"getFlagEmoji","decl":{"start":{"line":195,"column":11},"end":{"line":195,"column":23}},"loc":{"start":{"line":195,"column":41},"end":{"line":199,"column":3}}},"23":{"name":"(anonymous_23)","decl":{"start":{"line":252,"column":29},"end":{"line":252,"column":32}},"loc":{"start":{"line":252,"column":35},"end":{"line":252,"column":53}}},"24":{"name":"(anonymous_24)","decl":{"start":{"line":260,"column":29},"end":{"line":260,"column":32}},"loc":{"start":{"line":260,"column":34},"end":{"line":263,"column":21}}},"25":{"name":"(anonymous_25)","decl":{"start":{"line":281,"column":28},"end":{"line":281,"column":29}},"loc":{"start":{"line":281,"column":34},"end":{"line":285,"column":21}}},"26":{"name":"(anonymous_26)","decl":{"start":{"line":286,"column":29},"end":{"line":286,"column":30}},"loc":{"start":{"line":286,"column":35},"end":{"line":291,"column":21}}},"27":{"name":"(anonymous_27)","decl":{"start":{"line":314,"column":33},"end":{"line":314,"column":34}},"loc":{"start":{"line":314,"column":40},"end":{"line":314,"column":76}}},"28":{"name":"(anonymous_28)","decl":{"start":{"line":325,"column":31},"end":{"line":325,"column":32}},"loc":{"start":{"line":325,"column":38},"end":{"line":325,"column":72}}},"29":{"name":"(anonymous_29)","decl":{"start":{"line":358,"column":40},"end":{"line":358,"column":41}},"loc":{"start":{"line":358,"column":53},"end":{"line":382,"column":21}}},"30":{"name":"(anonymous_30)","decl":{"start":{"line":435,"column":18},"end":{"line":435,"column":21}},"loc":{"start":{"line":435,"column":24},"end":{"line":435,"column":43}}},"31":{"name":"(anonymous_31)","decl":{"start":{"line":436,"column":19},"end":{"line":436,"column":22}},"loc":{"start":{"line":436,"column":24},"end":{"line":438,"column":9}}},"32":{"name":"(anonymous_32)","decl":{"start":{"line":443,"column":17},"end":{"line":443,"column":20}},"loc":{"start":{"line":443,"column":23},"end":{"line":443,"column":42}}},"33":{"name":"(anonymous_33)","decl":{"start":{"line":448,"column":17},"end":{"line":448,"column":20}},"loc":{"start":{"line":448,"column":23},"end":{"line":448,"column":50}}},"34":{"name":"ActionButton","decl":{"start":{"line":454,"column":9},"end":{"line":454,"column":21}},"loc":{"start":{"line":470,"column":1},"end":{"line":493,"column":1}}},"35":{"name":"ConfirmModal","decl":{"start":{"line":495,"column":9},"end":{"line":495,"column":21}},"loc":{"start":{"line":503,"column":1},"end":{"line":524,"column":1}}},"36":{"name":"ShareModal","decl":{"start":{"line":528,"column":9},"end":{"line":528,"column":19}},"loc":{"start":{"line":536,"column":1},"end":{"line":575,"column":1}}},"37":{"name":"FavoriteModal","decl":{"start":{"line":577,"column":9},"end":{"line":577,"column":22}},"loc":{"start":{"line":585,"column":1},"end":{"line":628,"column":1}}}},"branchMap":{"0":{"loc":{"start":{"line":34,"column":4},"end":{"line":34,"column":37}},"type":"if","locations":[{"start":{"line":34,"column":4},"end":{"line":34,"column":37}},{"start":{},"end":{}}]},"1":{"loc":{"start":{"line":34,"column":8},"end":{"line":34,"column":28}},"type":"binary-expr","locations":[{"start":{"line":34,"column":8},"end":{"line":34,"column":19}},{"start":{"line":34,"column":23},"end":{"line":34,"column":28}}]},"2":{"loc":{"start":{"line":47,"column":4},"end":{"line":55,"column":5}},"type":"if","locations":[{"start":{"line":47,"column":4},"end":{"line":55,"column":5}},{"start":{},"end":{}}]},"3":{"loc":{"start":{"line":47,"column":8},"end":{"line":47,"column":39}},"type":"binary-expr","locations":[{"start":{"line":47,"column":8},"end":{"line":47,"column":16}},{"start":{"line":47,"column":20},"end":{"line":47,"column":39}}]},"4":{"loc":{"start":{"line":49,"column":6},"end":{"line":54,"column":7}},"type":"if","locations":[{"start":{"line":49,"column":6},"end":{"line":54,"column":7}},{"start":{"line":51,"column":13},"end":{"line":54,"column":7}}]},"5":{"loc":{"start":{"line":60,"column":4},"end":{"line":65,"column":5}},"type":"if","locations":[{"start":{"line":60,"column":4},"end":{"line":65,"column":5}},{"start":{"line":62,"column":11},"end":{"line":65,"column":5}}]},"6":{"loc":{"start":{"line":81,"column":4},"end":{"line":81,"column":37}},"type":"if","locations":[{"start":{"line":81,"column":4},"end":{"line":81,"column":37}},{"start":{},"end":{}}]},"7":{"loc":{"start":{"line":81,"column":8},"end":{"line":81,"column":28}},"type":"binary-expr","locations":[{"start":{"line":81,"column":8},"end":{"line":81,"column":19}},{"start":{"line":81,"column":23},"end":{"line":81,"column":28}}]},"8":{"loc":{"start":{"line":95,"column":6},"end":{"line":106,"column":7}},"type":"if","locations":[{"start":{"line":95,"column":6},"end":{"line":106,"column":7}},{"start":{},"end":{}}]},"9":{"loc":{"start":{"line":95,"column":10},"end":{"line":95,"column":61}},"type":"binary-expr","locations":[{"start":{"line":95,"column":10},"end":{"line":95,"column":17}},{"start":{"line":95,"column":21},"end":{"line":95,"column":61}}]},"10":{"loc":{"start":{"line":100,"column":8},"end":{"line":105,"column":9}},"type":"if","locations":[{"start":{"line":100,"column":8},"end":{"line":105,"column":9}},{"start":{"line":102,"column":15},"end":{"line":105,"column":9}}]},"11":{"loc":{"start":{"line":117,"column":4},"end":{"line":117,"column":40}},"type":"if","locations":[{"start":{"line":117,"column":4},"end":{"line":117,"column":40}},{"start":{},"end":{}}]},"12":{"loc":{"start":{"line":117,"column":8},"end":{"line":117,"column":31}},"type":"binary-expr","locations":[{"start":{"line":117,"column":8},"end":{"line":117,"column":19}},{"start":{"line":117,"column":23},"end":{"line":117,"column":31}}]},"13":{"loc":{"start":{"line":126,"column":16},"end":{"line":126,"column":51}},"type":"cond-expr","locations":[{"start":{"line":126,"column":29},"end":{"line":126,"column":39}},{"start":{"line":126,"column":42},"end":{"line":126,"column":51}}]},"14":{"loc":{"start":{"line":130,"column":25},"end":{"line":130,"column":78}},"type":"cond-expr","locations":[{"start":{"line":130,"column":63},"end":{"line":130,"column":74}},{"start":{"line":130,"column":77},"end":{"line":130,"column":78}}]},"15":{"loc":{"start":{"line":141,"column":4},"end":{"line":141,"column":40}},"type":"if","locations":[{"start":{"line":141,"column":4},"end":{"line":141,"column":40}},{"start":{},"end":{}}]},"16":{"loc":{"start":{"line":141,"column":8},"end":{"line":141,"column":31}},"type":"binary-expr","locations":[{"start":{"line":141,"column":8},"end":{"line":141,"column":19}},{"start":{"line":141,"column":23},"end":{"line":141,"column":31}}]},"17":{"loc":{"start":{"line":144,"column":4},"end":{"line":167,"column":5}},"type":"if","locations":[{"start":{"line":144,"column":4},"end":{"line":167,"column":5}},{"start":{},"end":{}}]},"18":{"loc":{"start":{"line":151,"column":10},"end":{"line":151,"column":45}},"type":"binary-expr","locations":[{"start":{"line":151,"column":10},"end":{"line":151,"column":36}},{"start":{"line":151,"column":40},"end":{"line":151,"column":45}}]},"19":{"loc":{"start":{"line":159,"column":27},"end":{"line":159,"column":80}},"type":"cond-expr","locations":[{"start":{"line":159,"column":65},"end":{"line":159,"column":76}},{"start":{"line":159,"column":79},"end":{"line":159,"column":80}}]},"20":{"loc":{"start":{"line":176,"column":8},"end":{"line":176,"column":43}},"type":"binary-expr","locations":[{"start":{"line":176,"column":8},"end":{"line":176,"column":34}},{"start":{"line":176,"column":38},"end":{"line":176,"column":43}}]},"21":{"loc":{"start":{"line":184,"column":25},"end":{"line":184,"column":78}},"type":"cond-expr","locations":[{"start":{"line":184,"column":63},"end":{"line":184,"column":74}},{"start":{"line":184,"column":77},"end":{"line":184,"column":78}}]},"22":{"loc":{"start":{"line":196,"column":4},"end":{"line":196,"column":46}},"type":"if","locations":[{"start":{"line":196,"column":4},"end":{"line":196,"column":46}},{"start":{},"end":{}}]},"23":{"loc":{"start":{"line":197,"column":4},"end":{"line":197,"column":46}},"type":"if","locations":[{"start":{"line":197,"column":4},"end":{"line":197,"column":46}},{"start":{},"end":{}}]},"24":{"loc":{"start":{"line":204,"column":9},"end":{"line":420,"column":null}},"type":"cond-expr","locations":[{"start":{"line":205,"column":10},"end":{"line":205,"column":35}},{"start":{"line":207,"column":10},"end":{"line":419,"column":null}}]},"25":{"loc":{"start":{"line":209,"column":14},"end":{"line":209,"column":null}},"type":"cond-expr","locations":[{"start":{"line":209,"column":24},"end":{"line":209,"column":39}},{"start":{"line":209,"column":42},"end":{"line":209,"column":null}}]},"26":{"loc":{"start":{"line":212,"column":13},"end":{"line":418,"column":null}},"type":"cond-expr","locations":[{"start":{"line":213,"column":14},"end":{"line":391,"column":null}},{"start":{"line":394,"column":14},"end":{"line":417,"column":null}}]},"27":{"loc":{"start":{"line":217,"column":27},"end":{"line":217,"column":74}},"type":"cond-expr","locations":[{"start":{"line":217,"column":41},"end":{"line":217,"column":44}},{"start":{"line":217,"column":47},"end":{"line":217,"column":74}}]},"28":{"loc":{"start":{"line":217,"column":47},"end":{"line":217,"column":74}},"type":"cond-expr","locations":[{"start":{"line":217,"column":64},"end":{"line":217,"column":67}},{"start":{"line":217,"column":70},"end":{"line":217,"column":74}}]},"29":{"loc":{"start":{"line":221,"column":22},"end":{"line":225,"column":45}},"type":"cond-expr","locations":[{"start":{"line":222,"column":26},"end":{"line":222,"column":39}},{"start":{"line":223,"column":26},"end":{"line":225,"column":45}}]},"30":{"loc":{"start":{"line":223,"column":26},"end":{"line":225,"column":45}},"type":"cond-expr","locations":[{"start":{"line":224,"column":26},"end":{"line":224,"column":48}},{"start":{"line":225,"column":26},"end":{"line":225,"column":45}}]},"31":{"loc":{"start":{"line":227,"column":26},"end":{"line":227,"column":64}},"type":"cond-expr","locations":[{"start":{"line":227,"column":43},"end":{"line":227,"column":52}},{"start":{"line":227,"column":55},"end":{"line":227,"column":64}}]},"32":{"loc":{"start":{"line":231,"column":27},"end":{"line":231,"column":80}},"type":"cond-expr","locations":[{"start":{"line":231,"column":45},"end":{"line":231,"column":48}},{"start":{"line":231,"column":51},"end":{"line":231,"column":80}}]},"33":{"loc":{"start":{"line":231,"column":51},"end":{"line":231,"column":80}},"type":"cond-expr","locations":[{"start":{"line":231,"column":72},"end":{"line":231,"column":75}},{"start":{"line":231,"column":78},"end":{"line":231,"column":80}}]},"34":{"loc":{"start":{"line":235,"column":22},"end":{"line":239,"column":46}},"type":"cond-expr","locations":[{"start":{"line":236,"column":26},"end":{"line":236,"column":39}},{"start":{"line":237,"column":26},"end":{"line":239,"column":46}}]},"35":{"loc":{"start":{"line":237,"column":26},"end":{"line":239,"column":46}},"type":"cond-expr","locations":[{"start":{"line":238,"column":26},"end":{"line":238,"column":47}},{"start":{"line":239,"column":26},"end":{"line":239,"column":46}}]},"36":{"loc":{"start":{"line":241,"column":26},"end":{"line":241,"column":69}},"type":"cond-expr","locations":[{"start":{"line":241,"column":47},"end":{"line":241,"column":57}},{"start":{"line":241,"column":60},"end":{"line":241,"column":69}}]},"37":{"loc":{"start":{"line":244,"column":22},"end":{"line":246,"column":35}},"type":"cond-expr","locations":[{"start":{"line":245,"column":26},"end":{"line":245,"column":46}},{"start":{"line":246,"column":26},"end":{"line":246,"column":35}}]},"38":{"loc":{"start":{"line":244,"column":22},"end":{"line":244,"column":61}},"type":"binary-expr","locations":[{"start":{"line":244,"column":22},"end":{"line":244,"column":38}},{"start":{"line":244,"column":42},"end":{"line":244,"column":61}}]},"39":{"loc":{"start":{"line":272,"column":25},"end":{"line":272,"column":69}},"type":"binary-expr","locations":[{"start":{"line":272,"column":25},"end":{"line":272,"column":46}},{"start":{"line":272,"column":50},"end":{"line":272,"column":69}}]},"40":{"loc":{"start":{"line":274,"column":22},"end":{"line":276,"column":46}},"type":"cond-expr","locations":[{"start":{"line":275,"column":26},"end":{"line":275,"column":42}},{"start":{"line":276,"column":26},"end":{"line":276,"column":46}}]},"41":{"loc":{"start":{"line":279,"column":22},"end":{"line":279,"column":null}},"type":"cond-expr","locations":[{"start":{"line":279,"column":47},"end":{"line":279,"column":56}},{"start":{"line":279,"column":59},"end":{"line":279,"column":null}}]},"42":{"loc":{"start":{"line":296,"column":19},"end":{"line":299,"column":null}},"type":"binary-expr","locations":[{"start":{"line":296,"column":19},"end":{"line":296,"column":34}},{"start":{"line":296,"column":38},"end":{"line":296,"column":64}},{"start":{"line":297,"column":20},"end":{"line":298,"column":null}}]},"43":{"loc":{"start":{"line":303,"column":19},"end":{"line":328,"column":null}},"type":"cond-expr","locations":[{"start":{"line":304,"column":20},"end":{"line":317,"column":null}},{"start":{"line":320,"column":20},"end":{"line":325,"column":null}}]},"44":{"loc":{"start":{"line":332,"column":17},"end":{"line":347,"column":null}},"type":"binary-expr","locations":[{"start":{"line":332,"column":17},"end":{"line":332,"column":32}},{"start":{"line":333,"column":18},"end":{"line":345,"column":null}}]},"45":{"loc":{"start":{"line":349,"column":17},"end":{"line":383,"column":null}},"type":"binary-expr","locations":[{"start":{"line":349,"column":17},"end":{"line":349,"column":31}},{"start":{"line":349,"column":35},"end":{"line":349,"column":60}},{"start":{"line":350,"column":18},"end":{"line":382,"column":null}}]},"46":{"loc":{"start":{"line":386,"column":19},"end":{"line":389,"column":null}},"type":"binary-expr","locations":[{"start":{"line":386,"column":19},"end":{"line":386,"column":71}},{"start":{"line":387,"column":20},"end":{"line":387,"column":null}}]},"47":{"loc":{"start":{"line":412,"column":19},"end":{"line":415,"column":null}},"type":"binary-expr","locations":[{"start":{"line":412,"column":19},"end":{"line":412,"column":23}},{"start":{"line":413,"column":20},"end":{"line":414,"column":null}}]},"48":{"loc":{"start":{"line":423,"column":7},"end":{"line":429,"column":null}},"type":"binary-expr","locations":[{"start":{"line":423,"column":7},"end":{"line":423,"column":14}},{"start":{"line":424,"column":8},"end":{"line":426,"column":null}}]},"49":{"loc":{"start":{"line":437,"column":10},"end":{"line":437,"column":70}},"type":"if","locations":[{"start":{"line":437,"column":10},"end":{"line":437,"column":70}},{"start":{},"end":{}}]},"50":{"loc":{"start":{"line":460,"column":2},"end":{"line":460,"column":18}},"type":"default-arg","locations":[{"start":{"line":460,"column":13},"end":{"line":460,"column":18}}]},"51":{"loc":{"start":{"line":473,"column":45},"end":{"line":473,"column":61}},"type":"cond-expr","locations":[{"start":{"line":473,"column":52},"end":{"line":473,"column":56}},{"start":{"line":473,"column":59},"end":{"line":473,"column":61}}]},"52":{"loc":{"start":{"line":474,"column":8},"end":{"line":474,"column":null}},"type":"cond-expr","locations":[{"start":{"line":474,"column":19},"end":{"line":474,"column":30}},{"start":{"line":474,"column":33},"end":{"line":474,"column":null}}]},"53":{"loc":{"start":{"line":480,"column":7},"end":{"line":488,"column":null}},"type":"cond-expr","locations":[{"start":{"line":481,"column":8},"end":{"line":485,"column":null}},{"start":{"line":488,"column":8},"end":{"line":488,"column":53}}]},"54":{"loc":{"start":{"line":490,"column":7},"end":{"line":490,"column":63}},"type":"binary-expr","locations":[{"start":{"line":490,"column":7},"end":{"line":490,"column":16}},{"start":{"line":490,"column":20},"end":{"line":490,"column":63}}]},"55":{"loc":{"start":{"line":504,"column":2},"end":{"line":504,"column":25}},"type":"if","locations":[{"start":{"line":504,"column":2},"end":{"line":504,"column":25}},{"start":{},"end":{}}]},"56":{"loc":{"start":{"line":537,"column":2},"end":{"line":537,"column":37}},"type":"if","locations":[{"start":{"line":537,"column":2},"end":{"line":537,"column":37}},{"start":{},"end":{}}]},"57":{"loc":{"start":{"line":537,"column":6},"end":{"line":537,"column":23}},"type":"binary-expr","locations":[{"start":{"line":537,"column":6},"end":{"line":537,"column":11}},{"start":{"line":537,"column":15},"end":{"line":537,"column":23}}]},"58":{"loc":{"start":{"line":586,"column":2},"end":{"line":586,"column":37}},"type":"if","locations":[{"start":{"line":586,"column":2},"end":{"line":586,"column":37}},{"start":{},"end":{}}]},"59":{"loc":{"start":{"line":586,"column":6},"end":{"line":586,"column":23}},"type":"binary-expr","locations":[{"start":{"line":586,"column":6},"end":{"line":586,"column":11}},{"start":{"line":586,"column":15},"end":{"line":586,"column":23}}]}},"s":{"0":2,"1":2,"2":2,"3":2,"4":2,"5":2,"6":2,"7":2,"8":2,"9":2,"10":50,"11":50,"12":50,"13":50,"14":50,"15":50,"16":50,"17":50,"18":50,"19":50,"20":50,"21":50,"22":11,"23":0,"24":11,"25":11,"26":11,"27":11,"28":11,"29":11,"30":11,"31":50,"32":40,"33":11,"34":11,"35":11,"36":0,"37":11,"38":11,"39":50,"40":0,"41":0,"42":0,"43":0,"44":0,"45":0,"46":50,"47":0,"48":0,"49":50,"50":0,"51":0,"52":0,"53":50,"54":0,"55":0,"56":0,"57":0,"58":0,"59":0,"60":0,"61":0,"62":0,"63":0,"64":0,"65":0,"66":0,"67":0,"68":0,"69":0,"70":0,"71":0,"72":0,"73":0,"74":0,"75":50,"76":3,"77":0,"78":3,"79":3,"80":3,"81":3,"82":3,"83":3,"84":3,"85":3,"86":3,"87":3,"88":0,"89":3,"90":50,"91":6,"92":0,"93":6,"94":1,"95":1,"96":1,"97":1,"98":1,"99":1,"100":1,"101":1,"102":0,"103":0,"104":0,"105":1,"106":1,"107":5,"108":5,"109":5,"110":5,"111":5,"112":5,"113":5,"114":5,"115":4,"116":4,"117":5,"118":0,"119":5,"120":28,"121":0,"122":28,"123":20,"124":8,"125":50,"126":0,"127":0,"128":0,"129":0,"130":0,"131":0,"132":0,"133":0,"134":0,"135":0,"136":0,"137":0,"138":0,"139":0,"140":0,"141":0,"142":0,"143":1,"144":112,"145":50,"146":50,"147":0,"148":50,"149":50,"150":0,"151":0,"152":0,"153":0,"154":0,"155":50,"156":46,"157":4,"158":4,"159":4,"160":4,"161":4},"f":{"0":50,"1":11,"2":11,"3":40,"4":11,"5":0,"6":0,"7":0,"8":0,"9":0,"10":0,"11":0,"12":0,"13":0,"14":3,"15":3,"16":3,"17":6,"18":0,"19":0,"20":4,"21":4,"22":28,"23":0,"24":0,"25":0,"26":0,"27":0,"28":0,"29":0,"30":0,"31":0,"32":0,"33":1,"34":112,"35":50,"36":50,"37":50},"b":{"0":[0,11],"1":[11,11],"2":[11,29],"3":[40,22],"4":[0,11],"5":[0,0],"6":[0,0],"7":[0,0],"8":[0,0],"9":[0,0],"10":[0,0],"11":[0,3],"12":[3,3],"13":[2,1],"14":[3,0],"15":[0,6],"16":[6,6],"17":[1,5],"18":[1,0],"19":[0,0],"20":[5,0],"21":[4,0],"22":[0,28],"23":[20,8],"24":[11,39],"25":[28,11],"26":[28,11],"27":[3,25],"28":[2,23],"29":[3,25],"30":[2,23],"31":[3,25],"32":[6,22],"33":[7,15],"34":[6,22],"35":[7,15],"36":[8,20],"37":[15,13],"38":[28,22],"39":[28,28],"40":[0,28],"41":[28,0],"42":[28,20,20],"43":[0,28],"44":[28,0],"45":[28,0,0],"46":[28,0],"47":[11,11],"48":[50,28],"49":[0,0],"50":[0],"51":[67,45],"52":[112,0],"53":[15,97],"54":[112,0],"55":[50,0],"56":[50,0],"57":[50,0],"58":[46,4],"59":[50,4]}}
,"C:\\Users\\diana\\Projects\\que-leo\\src\\ui\\TelegramButton\\TelegramLinkButton.tsx": {"path":"C:\\Users\\diana\\Projects\\que-leo\\src\\ui\\TelegramButton\\TelegramLinkButton.tsx","statementMap":{"0":{"start":{"line":5,"column":0},"end":{"line":5,"column":16}},"1":{"start":{"line":1,"column":0},"end":{"line":1,"column":34}},"2":{"start":{"line":3,"column":30},"end":{"line":3,"column":42}},"3":{"start":{"line":6,"column":23},"end":{"line":6,"column":78}},"4":{"start":{"line":8,"column":2},"end":{"line":17,"column":4}}},"fnMap":{"0":{"name":"TelegramLinkButton","decl":{"start":{"line":5,"column":16},"end":{"line":5,"column":34}},"loc":{"start":{"line":5,"column":65},"end":{"line":18,"column":1}}}},"branchMap":{},"s":{"0":3,"1":3,"2":3,"3":18,"4":18},"f":{"0":18},"b":{}}
}
